                                                                        
    0.0000000000000         0.0000000000000         0.0000000000000         0.0000000000000         0.0000000000000    
   0.26000000000000E-03    0.57924800074748E-06    0.86436204922616E-08    0.43218102461308E-08    0.43218102461308E-08
   0.52000000000000E-03    0.77151547922885E-05    0.15567604913480E-06    0.77838024567399E-07    0.77838024567399E-07
   0.78000000000000E-03    0.31876306977425E-04    0.80538641476556E-06    0.40269320738278E-06    0.40269320738278E-06
   0.10400000000000E-02    0.84186554894081E-04    0.26384570855736E-05    0.13192285427868E-05    0.13192285427868E-05
   0.13000000000000E-02    0.17607294268543E-03    0.68149163194833E-05    0.34074581597417E-05    0.34074581597417E-05
   0.15600000000000E-02    0.31926588677565E-03    0.15138972512276E-04    0.75694862561382E-05    0.75694862561382E-05
   0.18200000000000E-02    0.52575280283617E-03    0.30206622431345E-04    0.15103311215672E-04    0.15103311215672E-04
   0.20800000000000E-02    0.80771220933570E-03    0.55535224637472E-04    0.27767612318736E-04    0.27767612318736E-04
   0.23400000000000E-02    0.11774389635496E-02    0.95674016889866E-04    0.47837008444933E-04    0.47837008444933E-04
   0.26000000000000E-02    0.16472633645504E-02    0.15629425146092E-03    0.78147125730459E-04    0.78147125730459E-04
   0.28600000000000E-02    0.22294655645519E-02    0.24425777060034E-03    0.12212888530017E-03    0.12212888530017E-03
   0.31200000000000E-02    0.29361866042024E-02    0.36766311305134E-03    0.18383155652567E-03    0.18383155652567E-03
   0.33800000000000E-02    0.37793374073455E-02    0.53586853975760E-03    0.26793426987880E-03    0.26793426987880E-03
   0.36400000000000E-02    0.47705070934001E-02    0.75949167374588E-03    0.37974583687294E-03    0.37974583687294E-03
   0.39000000000000E-02    0.59208719730926E-02    0.10503857596468E-02    0.52519287982342E-03    0.52519287982342E-03
   0.41600000000000E-02    0.72411065837427E-02    0.14215928583272E-02    0.71079642916360E-03    0.71079642916360E-03
   0.44200000000000E-02    0.87412980936134E-02    0.18872745978176E-02    0.94363729890879E-03    0.94363729890879E-03
   0.46800000000000E-02    0.10430865361316E-01    0.24626213993927E-02    0.12313106996964E-02    0.12313106996964E-02
   0.49400000000000E-02    0.12318483876471E-01    0.31637413836620E-02    0.15818706918310E-02    0.15818706918310E-02
   0.52000000000000E-02    0.14412017732517E-01    0.40075304323756E-02    0.20037652161878E-02    0.20037652161878E-02
   0.54600000000000E-02    0.16718459692683E-01    0.50115251340486E-02    0.25057625670243E-02    0.25057625670243E-02
   0.57200000000000E-02    0.19243880306752E-01    0.61937405723816E-02    0.30968702861908E-02    0.30968702861908E-02
   0.59800000000000E-02    0.21993386920708E-01    0.75724951230040E-02    0.37862475615020E-02    0.37862475615020E-02
   0.62400000000000E-02    0.24971093294950E-01    0.91662246037625E-02    0.45831123018813E-02    0.45831123018813E-02
   0.65000000000000E-02    0.28180100411140E-01    0.10993288274435E-01    0.54966441372175E-02    0.54966441372175E-02
   0.67600000000000E-02    0.31622488904502E-01    0.13071769301512E-01    0.65358846507560E-02    0.65358846507560E-02
   0.70200000000000E-02    0.35299323409217E-01    0.15419272391077E-01    0.77096361955385E-02    0.77096361955385E-02
   0.72800000000000E-02    0.39210668951364E-01    0.18052721346729E-01    0.90263606733647E-02    0.90263606733647E-02
   0.75400000000000E-02    0.43355619368366E-01    0.20988159329239E-01    0.10494079664619E-01    0.10494079664619E-01
   0.78000000000000E-02    0.47732337578117E-01    0.24240554579881E-01    0.12120277289941E-01    0.12120277289941E-01
   0.80600000000000E-02    0.52338107366643E-01    0.27823614320312E-01    0.13911807160156E-01    0.13911807160156E-01
   0.83200000000000E-02    0.57169396212267E-01    0.31749609458890E-01    0.15874804729445E-01    0.15874804729445E-01
   0.85800000000000E-02    0.62221928518579E-01    0.36029212617463E-01    0.18014606308732E-01    0.18014606308732E-01
   0.88400000000000E-02    0.67490768489806E-01    0.40671351845137E-01    0.20335675922568E-01    0.20335675922568E-01
   0.91000000000000E-02    0.72970411752156E-01    0.45683082208048E-01    0.22841541104024E-01    0.22841541104024E-01
   0.93600000000000E-02    0.78654884704963E-01    0.51069477238771E-01    0.25534738619386E-01    0.25534738619386E-01
   0.96200000000000E-02    0.84537850477442E-01    0.56833541998024E-01    0.28416770999012E-01    0.28416770999012E-01
   0.98800000000000E-02    0.90612720271870E-01    0.62976149247452E-01    0.31488074623726E-01    0.31488074623726E-01
   0.10140000000000E-01    0.96872768793349E-01    0.69495999958458E-01    0.34747999979229E-01    0.34747999979229E-01
   0.10400000000000E-01    0.10331125240084        0.76389609091415E-01    0.38194804545707E-01    0.38194804545707E-01
   0.10660000000000E-01    0.10992152856483        0.83651317275602E-01    0.41825658637801E-01    0.41825658637801E-01
   0.10920000000000E-01    0.11669717518454        0.91273328706309E-01    0.45636664353155E-01    0.45636664353155E-01
   0.11180000000000E-01    0.12363210830218        0.99245775255533E-01    0.49622887627767E-01    0.49622887627767E-01
   0.11440000000000E-01    0.13072069675395        0.10755680647020        0.53778403235098E-01    0.53778403235098E-01
   0.11700000000000E-01    0.13795787231756        0.11619270481071        0.58096352405357E-01    0.58096352405357E-01
   0.11960000000000E-01    0.14533923395279        0.12513802516679        0.62569012583397E-01    0.62569012583397E-01
   0.12220000000000E-01    0.15286114478644        0.13437575738028        0.67187878690140E-01    0.67187878690140E-01
   0.12480000000000E-01    0.16052082056343        0.14388751021043        0.71943755105213E-01    0.71943755105213E-01
   0.12740000000000E-01    0.16831640837295        0.15365371489848        0.76826857449241E-01    0.76826857449241E-01
   0.13000000000000E-01    0.17624705455973        0.16365384622962        0.81826923114812E-01    0.81826923114812E-01
   0.13260000000000E-01    0.18431296084626        0.17386665875373        0.86933329376867E-01    0.86933329376867E-01
   0.13520000000000E-01    0.19251542781945        0.18427043561576        0.92135217807882E-01    0.92135217807882E-01
   0.13780000000000E-01    0.20085688507455        0.19484324726341        0.97421623631703E-01    0.97421623631703E-01
   0.14040000000000E-01    0.20934090745768        0.20556321714752        0.10278160857376        0.10278160857376    
   0.14300000000000E-01    0.21797221700500        0.21640879141054        0.10820439570527        0.10820439570527    
   0.14560000000000E-01    0.22675667033944        0.22735900947210        0.11367950473605        0.11367950473605    
   0.14820000000000E-01    0.23570123145299        0.23839377237008        0.11919688618504        0.11919688618504    
   0.15080000000000E-01    0.24481392997216        0.24949410570036        0.12474705285018        0.12474705285018    
   0.15340000000000E-01    0.25410380517463        0.26064241402042        0.13032120701021        0.13032120701021    
   0.15600000000000E-01    0.26358083619342        0.27182272363948        0.13591136181974        0.13591136181974    
   0.15860000000000E-01    0.27325585901069        0.28302091081243        0.14151045540622        0.14151045540622    
   0.16120000000000E-01    0.28314047100316        0.29422491248386        0.14711245624193        0.14711245624193    
   0.16380000000000E-01    0.29324692395411        0.30542491689213        0.15271245844607        0.15271245844607    
   0.16640000000000E-01    0.30358800659109        0.31661353153917        0.15830676576958        0.15830676576958    
   0.16900000000000E-01    0.31417691784161        0.32778592625811        0.16389296312906        0.16389296312906    
   0.17160000000000E-01    0.32502713212056        0.33893994936532        0.16946997468266        0.16946997468266    
   0.17420000000000E-01    0.33615225807018        0.35007621516338        0.17503810758169        0.17503810758169    
   0.17680000000000E-01    0.34756589226626        0.36119816136409        0.18059908068205        0.18059908068205    
   0.17940000000000E-01    0.35928146948015        0.37231207532238        0.18615603766119        0.18615603766119    
   0.18200000000000E-01    0.37131211114557        0.38342708830943        0.19171354415471        0.19171354415471    
   0.18460000000000E-01    0.38367047372006        0.39455513740347        0.19727756870174        0.19727756870174    
   0.18720000000000E-01    0.39636859865377        0.40571089493443        0.20285544746721        0.20285544746721    
   0.18980000000000E-01    0.40941776568171        0.41691166578131        0.20845583289065        0.20845583289065    
   0.19240000000000E-01    0.42282835114006        0.42817725318417        0.21408862659208        0.21408862659208    
   0.19500000000000E-01    0.43660969297255        0.43952979409160        0.21976489704580        0.21976489704580    
   0.19760000000000E-01    0.45076996403907        0.45099356541637        0.22549678270819        0.22549678270819    
   0.20020000000000E-01    0.46531605526690        0.46259476291177        0.23129738145588        0.23129738145588    
   0.20280000000000E-01    0.48025347009474        0.47436125470552        0.23718062735276        0.23718062735276    
   0.20540000000000E-01    0.49558623155298        0.48632231183363        0.24316115591682        0.24316115591682    
   0.20800000000000E-01    0.51131680320079        0.49850831839853        0.24925415919927        0.24925415919927    
   0.21060000000000E-01    0.52744602500309        0.51095046423278        0.25547523211639        0.25547523211639    
   0.21320000000000E-01    0.54397306507944        0.52368042317655        0.26184021158828        0.26184021158828    
   0.21580000000000E-01    0.56089538809450        0.53673002027266        0.26836501013633        0.26836501013633    
   0.21840000000000E-01    0.57820874088673        0.55013089134439        0.27506544567219        0.27506544567219    
   0.22100000000000E-01    0.59590715575105        0.56391413854589        0.28195706927294        0.28195706927294    
   0.22360000000000E-01    0.61398297160395        0.57810998556241        0.28905499278120        0.28905499278120    
   0.22620000000000E-01    0.63242687306752        0.59274743618492        0.29637371809246        0.29637371809246    
   0.22880000000000E-01    0.65122794731498        0.60785393999189        0.30392696999595        0.30392696999595    
   0.23140000000000E-01    0.67037375832577        0.62345506883778        0.31172753441889        0.31172753441889    
   0.23400000000000E-01    0.68985043800618        0.63957420777485        0.31978710388742        0.31978710388742    
   0.23660000000000E-01    0.70964279344246        0.65623226392162        0.32811613196081        0.32811613196081    
   0.23920000000000E-01    0.72973442937161        0.67344739663892        0.33672369831946        0.33672369831946    
   0.24180000000000E-01    0.75010788478013        0.69123477218440        0.34561738609220        0.34561738609220    
   0.24440000000000E-01    0.77074478237715        0.70960634579015        0.35480317289508        0.35480317289508    
   0.24700000000000E-01    0.79162598953562        0.72857067384820        0.36428533692410        0.36428533692410    
   0.24960000000000E-01    0.81273178915669        0.74813275859705        0.37406637929853        0.37406637929853    
   0.25220000000000E-01    0.83404205878861        0.76829392738264        0.38414696369132        0.38414696369132    
   0.25480000000000E-01    0.85553645622487        0.78905174822164        0.39452587411082        0.39452587411082    
   0.25740000000000E-01    0.87719460971697        0.81039998302849        0.40519999151424        0.40519999151424    
   0.26000000000000E-01    0.89899631086771        0.83232857948183        0.41616428974092        0.41616428974092    
   0.26260000000000E-01    0.92092170822078        0.85482370210744        0.42741185105372        0.42741185105372    
   0.26520000000000E-01    0.94295149953306        0.87786780274533        0.43893390137266        0.43893390137266    
   0.26780000000000E-01    0.96506712070823        0.90143973015412        0.45071986507706        0.45071986507706    
   0.27040000000000E-01    0.98725092938318        0.92551487808977        0.46275743904488        0.46275743904488    
   0.27300000000000E-01     1.0094863811936        0.95006537078278        0.47503268539139        0.47503268539139    
   0.27560000000000E-01     1.0317581968007        0.97506028433294        0.48753014216647        0.48753014216647    
   0.27820000000000E-01     1.0540525178392         1.0004659021470        0.50023295107350        0.50023295107350    
   0.28080000000000E-01     1.0763570500397         1.0262460021677        0.51312300108384        0.51312300108384    
   0.28340000000000E-01     1.0986611919007         1.0523621732853        0.52618108664265        0.52618108664265    
   0.28600000000000E-01     1.1209561474138         1.0787741579909        0.53938707899545        0.53938707899545    
   0.28860000000000E-01     1.1432350215007         1.1054402180247        0.55272010901237        0.55272010901237    
   0.29120000000000E-01     1.1654928969868         1.1323175195008        0.56615875975040        0.56615875975040    
   0.29380000000000E-01     1.1877268921144         1.1593625337489        0.57968126687447        0.57968126687447    
   0.29640000000000E-01     1.2099361977949         1.1865314499150        0.59326572495749        0.59326572495749    
   0.29900000000000E-01     1.2321220939995         1.2137805951967        0.60689029759834        0.60689029759834    
   0.30160000000000E-01     1.2542879448984         1.2410668584738        0.62053342923689        0.62053342923689    
   0.30420000000000E-01     1.2764391725779         1.2683481130129        0.63417405650646        0.63417405650646    
   0.30680000000000E-01     1.2985832093816         1.2955836338958        0.64779181694788        0.64779181694788    
   0.30940000000000E-01     1.3207294291472         1.3227345058317        0.66136725291583        0.66136725291583    
   0.31200000000000E-01     1.3428890578280         1.3497640170729        0.67488200853647        0.67488200853647    
   0.31460000000000E-01     1.3650750642089         1.3766380352550        0.68831901762748        0.68831901762748    
   0.31720000000000E-01     1.3873020316362         1.4033253611293        0.70166268056464        0.70166268056464    
   0.31980000000000E-01     1.4095860118863         1.4297980563488        0.71489902817442        0.71489902817442    
   0.32240000000000E-01     1.4319443624937         1.4560317416959        0.72801587084794        0.72801587084794    
   0.32500000000000E-01     1.4543955690379         1.4820058624139        0.74100293120693        0.74100293120693    
   0.32760000000000E-01     1.4769590540613         1.5077039176127        0.75385195880634        0.75385195880634    
   0.33020000000000E-01     1.4996549744386         1.5331136510582        0.76655682552908        0.76655682552908    
   0.33280000000000E-01     1.5225040091566         1.5582272010285        0.77911360051423        0.77911360051423    
   0.33540000000000E-01     1.5455271395767         1.5830412073201        0.79152060366005        0.79152060366005    
   0.33800000000000E-01     1.5687454243485         1.6075568739071        0.80377843695357        0.80377843695357    
   0.34060000000000E-01     1.5921797712169         1.6317799861993        0.81588999309965        0.81588999309965    
   0.34320000000000E-01     1.6158507080157         1.6557208822988        0.82786044114938        0.82786044114938    
   0.34580000000000E-01     1.6397781551701         1.6793943781214        0.83969718906070        0.83969718906070    
   0.34840000000000E-01     1.6639812020329         1.7028196467176        0.85140982335882        0.85140982335882    
   0.35100000000000E-01     1.6884778893618         1.7260200525986        0.86301002629928        0.86301002629928    
   0.35360000000000E-01     1.7132850002006         1.7490229423386        0.87451147116929        0.87451147116929    
   0.35620000000000E-01     1.7384178613618         1.7718593931820        0.88592969659099        0.88592969659099    
   0.35880000000000E-01     1.7638901576161         1.7945639218227        0.89728196091137        0.89728196091137    
   0.36140000000000E-01     1.7897137605852         1.8171741559503        0.90858707797515        0.90858707797515    
   0.36400000000000E-01     1.8158985741982         1.8397304715531        0.91986523577654        0.91986523577654    
   0.36660000000000E-01     1.8424523984218         1.8622755993447        0.93113779967235        0.93113779967235    
   0.36920000000000E-01     1.8693808127992         1.8848542040178        0.94242710200889        0.94242710200889    
   0.37180000000000E-01     1.8966870811466         1.9075124403357        0.95375622016787        0.95375622016787    
   0.37440000000000E-01     1.9243720785510         1.9302974903395        0.96514874516977        0.96514874516977    
   0.37700000000000E-01     1.9524342415972         1.9532570861719        0.97662854308596        0.97662854308596    
   0.37960000000000E-01     1.9808695425214         1.9764390232017        0.98821951160087        0.98821951160087    
   0.38220000000000E-01     2.0096714877552         1.9998906682660        0.99994533413302        0.99994533413302    
   0.38480000000000E-01     2.0388311410781         2.0236584679338         1.0118292339669         1.0118292339669    
   0.38740000000000E-01     2.0683371713511         2.0477874617326         1.0238937308663         1.0238937308663    
   0.39000000000000E-01     2.0981759245550         2.0723208052669         1.0361604026335         1.0361604026335    
   0.39260000000000E-01     2.1283315196083         2.0972993080937         1.0486496540469         1.0486496540469    
   0.39520000000000E-01     2.1587859671985         2.1227609911089         1.0613804955544         1.0613804955544    
   0.39780000000000E-01     2.1895193106200         2.1487406680362         1.0743703340181         1.0743703340181    
   0.40040000000000E-01     2.2205097873837         2.1752695554026         1.0876347777013         1.0876347777013    
   0.40300000000000E-01     2.2517340101461         2.2023749151259         1.1011874575630         1.1011874575630    
   0.40560000000000E-01     2.2831671652991         2.2300797335475         1.1150398667738         1.1150398667738    
   0.40820000000000E-01     2.3147832273726         2.2584024403981         1.1292012201990         1.1292012201990    
   0.41080000000000E-01     2.3465551872304         2.2873566708122         1.1436783354061         1.1436783354061    
   0.41340000000000E-01     2.3784552918860         2.3169510730958         1.1584755365479         1.1584755365479    
   0.41600000000000E-01     2.4104552936333         2.3471891645081         1.1735945822540         1.1735945822540    
   0.41860000000000E-01     2.4425267060773         2.3780692368574         1.1890346184287         1.1890346184287    
   0.42120000000000E-01     2.4746410645647         2.4095843132196         1.2047921566098         1.2047921566098    
   0.42380000000000E-01     2.5067701884513         2.4417221565852         1.2208610782926         1.2208610782926    
   0.42640000000000E-01     2.5388864426089         2.4744653307282         1.2372326653641         1.2372326653641    
   0.42900000000000E-01     2.5709629955629         2.5077913130652         1.2538956565326         1.2538956565326    
   0.43160000000000E-01     2.6029740716687         2.5416726587542         1.2708363293771         1.2708363293771    
   0.43420000000000E-01     2.6348951947773         2.5760772147637         1.2880386073819         1.2880386073819    
   0.43680000000000E-01     2.6667034209080         2.6109683821335         1.3054841910668         1.3054841910668    
   0.43940000000000E-01     2.6983775575408         2.6463054241568         1.3231527120784         1.3231527120784    
   0.44200000000000E-01     2.7298983672570         2.6820438177383         1.3410219088691         1.3410219088691    
   0.44460000000000E-01     2.7612487536010         2.7181356447342         1.3590678223671         1.3590678223671    
   0.44720000000000E-01     2.7924139271978         2.7545300196610         1.3772650098305         1.3772650098305    
   0.44980000000000E-01     2.8233815503446         2.7911735497717         1.3955867748859         1.3955867748859    
   0.45240000000000E-01     2.8541418585026         2.8280108231538         1.4140054115769         1.4140054115769    
   0.45500000000000E-01     2.8846877573280         2.8649849201914         1.4324924600957         1.4324924600957    
   0.45760000000000E-01     2.9150148941247         2.9020379434774         1.4510189717387         1.4510189717387    
   0.46020000000000E-01     2.9451217028430         2.9391115610422         1.4695557805211         1.4695557805211    
   0.46280000000000E-01     2.9750094220083         2.9761475576054         1.4880737788027         1.4880737788027    
   0.46540000000000E-01     3.0046820852313         3.0130883884423         1.5065441942212         1.5065441942212    
   0.46800000000000E-01     3.0341464842194         3.0498777303981         1.5249388651991         1.5249388651991    
   0.47060000000000E-01     3.0634121044832         3.0864610245800         1.5432305122900         1.5432305122900    
   0.47320000000000E-01     3.0924910342033         3.1227860053052         1.5613930026526         1.5613930026526    
   0.47580000000000E-01     3.1213978469955         3.1588032099897         1.5794016049948         1.5794016049948    
   0.47840000000000E-01     3.1501494595706         3.1944664648170         1.5972332324085         1.5972332324085    
   0.48100000000000E-01     3.1787649655458         3.2297333412413         1.6148666706206         1.6148666706206    
   0.48360000000000E-01     3.2072654469043         3.2645655786359         1.6322827893179         1.6322827893179    
   0.48620000000000E-01     3.2356737648328         3.2989294687093         1.6494647343546         1.6494647343546    
   0.48880000000000E-01     3.2640143318802         3.3327961976643         1.6663980988322         1.6663980988322    
   0.49140000000000E-01     3.2923128675758         3.3661421424734         1.6830710712367         1.6830710712367    
   0.49400000000000E-01     3.3205961398235         3.3989491180746         1.6994745590373         1.6994745590373    
   0.49660000000000E-01     3.3488916945414         3.4312045727655         1.7156022863827         1.7156022863827    
   0.49920000000000E-01     3.3772275761452         3.4629017295662         1.7314508647831         1.7314508647831    
   0.50180000000000E-01     3.4056320415801         3.4940396718489         1.7470198359245         1.7470198359245    
   0.50440000000000E-01     3.4341332706846         3.5246233720703         1.7623116860351         1.7623116860351    
   0.50700000000000E-01     3.4627590757208         3.5546636630039         1.7773318315019         1.7773318315019    
   0.50960000000000E-01     3.4915366129273         3.5841771514322         1.7920885757161         1.7920885757161    
   0.51220000000000E-01     3.5204920989503         3.6131860748277         1.8065930374139         1.8065930374139    
   0.51480000000000E-01     3.5496505349705         3.6417181021197         1.8208590510598         1.8208590510598    
   0.51740000000000E-01     3.5790354412864         3.6698060802013         1.8349030401007         1.8349030401007    
   0.52000000000000E-01     3.6086686050228         3.6974877283762         1.8487438641881         1.8487438641881    
   0.52260000000000E-01     3.6385698435185         3.7248052834701         1.8624026417350         1.8624026417350    
   0.52520000000000E-01     3.6687567858060         3.7518050988330         1.8759025494165         1.8759025494165    
   0.52780000000000E-01     3.6992446744286         3.7785372009323         1.8892686004661         1.8892686004661    
   0.53040000000000E-01     3.7300461896521         3.8050548076697         1.9025274038348         1.9025274038348    
   0.53300000000000E-01     3.7611712979169         3.8314138129586         1.9157069064793         1.9157069064793    
   0.53560000000000E-01     3.7926271261457         3.8576722424505         1.9288361212253         1.9288361212253    
   0.53820000000000E-01     3.8244178632774         3.8838896856093         1.9419448428047         1.9419448428047    
   0.54080000000000E-01     3.8565446901336         3.9101267095913         1.9550633547956         1.9550633547956    
   0.54340000000000E-01     3.8890057384512         3.9364442605943         1.9682221302972         1.9682221302972    
   0.54600000000000E-01     3.9217960796312         3.9629030584912         1.9814515292456         1.9814515292456    
   0.54860000000000E-01     3.9549077434642         3.9895629906558         1.9947814953279         1.9947814953279    
   0.55120000000000E-01     3.9883297667977         4.0164825109280         2.0082412554640         2.0082412554640    
   0.55380000000000E-01     4.0220482718162         4.0437180496396         2.0218590248198         2.0218590248198    
   0.55640000000000E-01     4.0560465733127         4.0713234405442         2.0356617202721         2.0356617202721    
   0.55900000000000E-01     4.0903053140392         4.0993493703538         2.0496746851769         2.0496746851769    
   0.56160000000000E-01     4.1248026269474         4.1278428563903         2.0639214281951         2.0639214281951    
   0.56420000000000E-01     4.1595143228556         4.1568467576071         2.0784233788035         2.0784233788035    
   0.56680000000000E-01     4.1944141018264         4.1863993239341         2.0931996619670         2.0931996619670    
   0.56940000000000E-01     4.2294737862939         4.2165337885436         2.1082668942718         2.1082668942718    
   0.57200000000000E-01     4.2646635737598         4.2472780072346         2.1236390036173         2.1236390036173    
   0.57460000000000E-01     4.2999523066739         4.2786541486876         2.1393270743438         2.1393270743438    
   0.57720000000000E-01     4.3353077569350         4.3106784388598         2.1553392194299         2.1553392194299    
   0.57980000000000E-01     4.3706969222941         4.3433609622733         2.1716804811366         2.1716804811366    
   0.58240000000000E-01     4.4060863318121         4.3767055224009         2.1883527612005         2.1883527612005    
   0.58500000000000E-01     4.4414423574224         4.4107095627857         2.2053547813929         2.2053547813929    
   0.58760000000000E-01     4.4767315285773         4.4453641499381         2.2226820749690         2.2226820749690    
   0.59020000000000E-01     4.5119208469124         4.4806540184557         2.2403270092279         2.2403270092279    
   0.59280000000000E-01     4.5469780978509         4.5165576782004         2.2582788391002         2.2582788391002    
   0.59540000000000E-01     4.5818721560856         4.5530475827569         2.2765237913785         2.2765237913785    
   0.59800000000000E-01     4.6165732819245         4.5900903577951         2.2950451788975         2.2950451788975    
   0.60060000000000E-01     4.6510534055619         4.6276470873619         2.3138235436809         2.3138235436809    
   0.60320000000000E-01     4.6852863964435         4.6656736555550         2.3328368277775         2.3328368277775    
   0.60580000000000E-01     4.7192483150290         4.7041211404751         2.3520605702375         2.3520605702375    
   0.60840000000000E-01     4.7529176444149         4.7429362568285         2.3714681284143         2.3714681284143    
   0.61100000000000E-01     4.7862754994707         4.7820618430619         2.3910309215309         2.3910309215309    
   0.61360000000000E-01     4.8193058113489         4.8214373884546         2.4107186942273         2.4107186942273    
   0.61620000000000E-01     4.8519954854647         4.8609995951877         2.4304997975938         2.4304997975938    
   0.61880000000000E-01     4.8843345312912         4.9006829700436         2.4503414850218         2.4503414850218    
   0.62140000000000E-01     4.9163161625873         4.9404204400794         2.4702102200397         2.4702102200397    
   0.62400000000000E-01     4.9479368669582         4.9801439863609         2.4900719931804         2.4900719931804    
   0.62660000000000E-01     4.9791964439451         5.0197852896426         2.5098926448213         2.5098926448213    
   0.62920000000000E-01     5.0100980111449         5.0592763817397         2.5296381908698         2.5296381908698    
   0.63180000000000E-01     5.0406479781726         5.0985502962568         2.5492751481284         2.5492751481284    
   0.63440000000000E-01     5.0708559885914         5.1375417123211         2.5687708561605         2.5687708561605    
   0.63700000000000E-01     5.1007348302522         5.1761875850111         2.5880937925056         2.5880937925056    
   0.63960000000000E-01     5.1303003147912         5.2144277562791         2.6072138781396         2.6072138781396    
   0.64220000000000E-01     5.1595711273417         5.2522055403315         2.6261027701657         2.6261027701657    
   0.64480000000000E-01     5.1885686478105         5.2894682776595         2.6447341388297         2.6447341388297    
   0.64740000000000E-01     5.2173167453514         5.3261678521980         2.6630839260990         2.6630839260990    
   0.65000000000000E-01     5.2458415479382         5.3622611664284         2.6811305832142         2.6811305832142    
   0.65260000000000E-01     5.2741711891875         5.3977105696348         2.6988552848174         2.6988552848174    
   0.65520000000000E-01     5.3023355348151         5.4324842349637         2.7162421174818         2.7162421174818    
   0.65780000000000E-01     5.3303658913134         5.4665564814207         2.7332782407103         2.7332782407103    
   0.66040000000000E-01     5.3582946996235         5.4999080374611         2.7499540187305         2.7499540187305    
   0.66300000000000E-01     5.3861552167311         5.5325262433926         2.7662631216963         2.7662631216963    
   0.66560000000000E-01     5.4139811882425         5.5644051903930         2.7822025951965         2.7822025951965    
   0.66820000000000E-01     5.4418065150978         5.5955457945586         2.7977728972793         2.7977728972793    
   0.67080000000000E-01     5.4696649176453         5.6259558050276         2.8129779025138         2.8129779025138    
   0.67340000000000E-01     5.4975896003383         5.6556497458627         2.8278248729314         2.8278248729314    
   0.67600000000000E-01     5.5256129203216         5.6846487920234         2.8423243960117         2.8423243960117    
   0.67860000000000E-01     5.5537660631466         5.7129805804009         2.8564902902004         2.8564902902004    
   0.68120000000000E-01     5.5820787287978         5.7406789575282         2.8703394787641         2.8703394787641    
   0.68380000000000E-01     5.6105788311198         5.7677836661999         2.8838918331000         2.8838918331000    
   0.68640000000000E-01     5.6392922136189         5.7943399738381         2.8971699869191         2.8971699869191    
   0.68900000000000E-01     5.6682423844586         5.8203982460225         2.9101991230112         2.9101991230112    
   0.69160000000000E-01     5.6974502732930         5.8460134691448         2.9230067345724         2.9230067345724    
   0.69420000000000E-01     5.7269340123779         5.8712447266593         2.9356223633297         2.9356223633297    
   0.69680000000000E-01     5.7567087441704         5.8961546338678         2.9480773169339         2.9480773169339    
   0.69940000000000E-01     5.7867864573751         5.9208087365969         2.9604043682984         2.9604043682984    
   0.70200000000000E-01     5.8171758531277         5.9452748794963         2.9726374397481         2.9726374397481    
   0.70460000000000E-01     5.8478822427140         5.9696225499998         2.9848112749999         2.9848112749999    
   0.70720000000000E-01     5.8789074779239         5.9939222042480         2.9969611021240         2.9969611021240    
   0.70980000000000E-01     5.9102499148214         6.0182445814673         3.0091222907337         3.0091222907337    
   0.71240000000000E-01     5.9419044113922         6.0426600134329         3.0213300067164         3.0213300067164    
   0.71500000000000E-01     5.9738623591986         6.0672377357112         3.0336188678556         3.0336188678556    
   0.71760000000000E-01     6.0061117488429         6.0920452073826         3.0460226036913         3.0460226036913    
   0.72020000000000E-01     6.0386372687098         6.1171474458810         3.0585737229405         3.0585737229405    
   0.72280000000000E-01     6.0714204361319         6.1426063834615         3.0713031917307         3.0713031917307    
   0.72540000000000E-01     6.1044397598058         6.1684802516172         3.0842401258086         3.0842401258086    
   0.72800000000000E-01     6.1376709319764         6.1948229995113         3.0974114997556         3.0974114997556    
   0.73060000000000E-01     6.1710870486142         6.2216837521793         3.1108418760896         3.1108418760896    
   0.73320000000000E-01     6.2046588555326         6.2491063138856         3.1245531569428         3.1245531569428    
   0.73580000000000E-01     6.2383550181323         6.2771287215966         3.1385643607983         3.1385643607983    
   0.73840000000000E-01     6.2721424122246         6.3057828530557         3.1528914265278         3.1528914265278    
   0.74100000000000E-01     6.3059864331723         6.3350940934333         3.1675470467166         3.1675470467166    
   0.74360000000000E-01     6.3398513204000         6.3650810639603         3.1825405319802         3.1825405319802    
   0.74620000000000E-01     6.3737004941689         6.3957554153658         3.1978777076829         3.1978777076829    
   0.74880000000000E-01     6.4074969013817         6.4271216883125         3.2135608441563         3.2135608441563    
   0.75140000000000E-01     6.4412033670858         6.4591772423836         3.2295886211918         3.2295886211918    
   0.75400000000000E-01     6.4747829482806         6.4919122545066         3.2459561272533         3.2459561272533    
   0.75660000000000E-01     6.5081992865995         6.5253097870315         3.2626548935157         3.2626548935157    
   0.75920000000000E-01     6.5414169564404         6.5593459250018         3.2796729625009         3.2796729625009    
   0.76180000000000E-01     6.5744018051531         6.5939899814834         3.2969949907417         3.2969949907417    
   0.76440000000000E-01     6.6071212819594         6.6292047691505         3.3146023845753         3.3146023845753    
   0.76700000000000E-01     6.6395447523813         6.6649469356820         3.3324734678410         3.3324734678410    
   0.76960000000000E-01     6.6716437950875         6.7011673598899         3.3505836799450         3.3505836799450    
   0.77220000000000E-01     6.7033924782273         6.7378116049073         3.3689058024536         3.3689058024536    
   0.77480000000000E-01     6.7347676125142         6.7748204241959         3.3874102120979         3.3874102120979    
   0.77740000000000E-01     6.7657489785416         6.8121303156108         3.4060651578054         3.4060651578054    
   0.78000000000000E-01     6.7963195260529         6.8496741182787         3.4248370591393         3.4248370591393    
   0.78260000000000E-01     6.8264655431585         6.8873816466160         3.4436908233080         3.4436908233080    
   0.78520000000000E-01     6.8561767937765         6.9251803554403         3.4625901777201         3.4625901777201    
   0.78780000000000E-01     6.8854466218786         6.9629960298065         3.4814980149033         3.4814980149033    
   0.79040000000000E-01     6.9142720214423         7.0007534929460         3.5003767464730         3.5003767464730    
   0.79300000000000E-01     6.9426536713395         7.0383773254916         3.5191886627458         3.5191886627458    
   0.79560000000000E-01     6.9705959347301         7.0757925890465         3.5378962945233         3.5378962945233    
   0.79820000000000E-01     6.9981068228749         7.1129255470925         3.5564627735462         3.5564627735462    
   0.80080000000000E-01     7.0251979236236         7.1497043762441         3.5748521881221         3.5748521881221    
   0.80340000000000E-01     7.0518842951815         7.1860598609286         3.5930299304643         3.5930299304643    
   0.80600000000000E-01     7.0781843260930         7.2219260647170         3.6109630323585         3.6109630323585    
   0.80860000000000E-01     7.1041195627135         7.2572409717403         3.6286204858702         3.6286204858702    
   0.81120000000000E-01     7.1297145057588         7.2919470919002         3.6459735459501         3.6459735459501    
   0.81380000000000E-01     7.1549963778237         7.3259920239176         3.6629960119588         3.6629960119588    
   0.81640000000000E-01     7.1799948640508         7.3593289706591         3.6796644853296         3.6796644853296    
   0.81900000000000E-01     7.2047418283934         7.3919172016298         3.6959586008149         3.6959586008149    
   0.82160000000000E-01     7.2292710081613         7.4237224580205         3.7118612290103         3.7118612290103    
   0.82420000000000E-01     7.2536176897538         7.4547172962466         3.7273586481233         3.7273586481233    
   0.82680000000000E-01     7.2778183686752         7.4848813664983         3.7424406832491         3.7424406832491    
   0.82940000000000E-01     7.3019103970856         7.5142016234489         3.7571008117244         3.7571008117244    
   0.83200000000000E-01     7.3259316222718         7.5426724669155         3.7713362334577         3.7713362334577    
   0.83460000000000E-01     7.3499200195154         7.5702958109430         3.7851479054715         3.7851479054715    
   0.83720000000000E-01     7.3739133228999         7.5970810804708         3.7985405402354         3.7985405402354    
   0.83980000000000E-01     7.3979486576265         7.6230451354448         3.8115225677224         3.8115225677224    
   0.84240000000000E-01     7.4220621774007         7.6482121229372         3.8241060614686         3.8241060614686    
   0.84500000000000E-01     7.4462887104126         7.6726132585387         3.8363066292694         3.8363066292694    
   0.84760000000000E-01     7.4706614173566         7.6962865389744         3.8481432694872         3.8481432694872    
   0.85020000000000E-01     7.4952114648286         7.7192763885671         3.8596381942836         3.8596381942836    
   0.85280000000000E-01     7.5199677172962         7.7416332428180         3.8708166214090         3.8708166214090    
   0.85540000000000E-01     7.5449564506655         7.7634130729923         3.8817065364961         3.8817065364961    
   0.85800000000000E-01     7.5702010902654         7.7846768561764         3.8923384280882         3.8923384280882    
   0.86060000000000E-01     7.5957219758374         7.8054899958142         3.9027449979071         3.9027449979071    
   0.86320000000000E-01     7.6215361558677         7.8259216982167         3.9129608491084         3.9129608491084    
   0.86580000000000E-01     7.6476572133136         7.8460443109833         3.9230221554917         3.9230221554917    
   0.86840000000000E-01     7.6740951244815         7.8659326296485         3.9329663148243         3.9329663148243    
   0.87100000000000E-01     7.7008561524914         7.8856631791955         3.9428315895978         3.9428315895978    
   0.87360000000000E-01     7.7279427764359         7.9053134773312         3.9526567386656         3.9526567386656    
   0.87620000000000E-01     7.7553536569942         7.9249612866103         3.9624806433052         3.9624806433052    
   0.87880000000000E-01     7.7830836389115         7.9446838626201         3.9723419313101         3.9723419313101    
   0.88140000000000E-01     7.8111237903987         7.9645572054877         3.9822786027439         3.9822786027439    
   0.88400000000000E-01     7.8394614791488         7.9846553219580         3.9923276609790         3.9923276609790    
   0.88660000000000E-01     7.8680804843115         8.0050495052006         4.0025247526003         4.0025247526003    
   0.88920000000000E-01     7.8969611434172         8.0258076393493         4.0129038196747         4.0129038196747    
   0.89180000000000E-01     7.9260805329034         8.0469935355485         4.0234967677743         4.0234967677743    
   0.89440000000000E-01     7.9554126805645         8.0686663059953         4.0343331529977         4.0343331529977    
   0.89700000000000E-01     7.9849288079378         8.0908797821062         4.0454398910531         4.0454398910531    
   0.89960000000000E-01     8.0145976003414         8.1136819825246         4.0568409912623         4.0568409912623    
   0.90220000000000E-01     8.0443855020085         8.1371146362148         4.0685573181074         4.0685573181074    
   0.90480000000000E-01     8.0742570335157         8.1612127653628         4.0806063826814         4.0806063826814    
   0.90740000000000E-01     8.1041751284798         8.1860043322379         4.0930021661190         4.0930021661190    
   0.91000000000000E-01     8.1341014863060         8.2115099535550         4.1057549767775         4.1057549767775    
   0.91260000000000E-01     8.1639969376089         8.2377426852321         4.1188713426160         4.1188713426160    
   0.91520000000000E-01     8.1938218187987         8.2647078797640         4.1323539398820         4.1323539398820    
   0.91780000000000E-01     8.2235363522278         8.2924031177301         4.1462015588650         4.1462015588650    
   0.92040000000000E-01     8.2531010282356         8.3208182142433         4.1604091071216         4.1604091071216    
   0.92300000000000E-01     8.2824769854008         8.3499353004232         4.1749676502116         4.1749676502116    
   0.92560000000000E-01     8.3116263853222         8.3797289792479         4.1898644896240         4.1898644896240    
   0.92820000000000E-01     8.3405127782957         8.4101665544222         4.2050832772111         4.2050832772111    
   0.93080000000000E-01     8.3691014563350         8.4412083301860         4.2206041650930         4.2206041650930    
   0.93340000000000E-01     8.3973597901008         8.4728079793022         4.2364039896511         4.2364039896511    
   0.93600000000000E-01     8.4252575464517         8.5049129757930         4.2524564878965         4.2524564878965    
   0.93860000000000E-01     8.4527671835119         8.5374650883655         4.2687325441828         4.2687325441828    
   0.94120000000000E-01     8.4798641203623         8.5704009298698         4.2852004649349         4.2852004649349    
   0.94380000000000E-01     8.5065269787024         8.6036525575837         4.3018262787919         4.3018262787919    
   0.94640000000000E-01     8.5327377940964         8.6371481186190         4.3185740593095         4.3185740593095    
   0.94900000000000E-01     8.5584821947062         8.6708125342922         4.3354062671461         4.3354062671461    
   0.95160000000000E-01     8.5837495457259         8.7045682169222         4.3522841084611         4.3522841084611    
   0.95420000000000E-01     8.6085330580607         8.7383358121855         4.3691679060928         4.3691679060928    
   0.95680000000000E-01     8.6328298601348         8.7720349599055         4.3860174799528         4.3860174799528    
   0.95940000000000E-01     8.6566410320701         8.8055850659571         4.4027925329786         4.4027925329786    
   0.96200000000000E-01     8.6799716018379         8.8389060778525         4.4194530389263         4.4194530389263    
   0.96460000000000E-01     8.7028305033529         8.8719192565217         4.4359596282609         4.4359596282609    
   0.96720000000000E-01     8.7252304968494         8.9045479368268         4.4522739684134         4.4522739684134    
   0.96980000000000E-01     8.7471880522401         8.9367182694461         4.4683591347230         4.4683591347230    
   0.97240000000000E-01     8.7687231965222         8.9683599369295         4.4841799684648         4.4841799684648    
   0.97500000000000E-01     8.7898593266405         8.9994068369674         4.4997034184837         4.4997034184837    
   0.97760000000000E-01     8.8106229895558         9.0297977262166         4.5148988631083         4.5148988631083    
   0.98020000000000E-01     8.8310436315874         9.0594768184010         4.5297384092005         4.5297384092005    
   0.98280000000000E-01     8.8511533193956         9.0883943308336         4.5441971654168         4.5441971654168    
   0.98540000000000E-01     8.8709864352527         9.1165069739958         4.5582534869979         4.5582534869979    
   0.98800000000000E-01     8.8905793494997         9.1437783793528         4.5718891896764         4.5718891896764    
   0.99060000000000E-01     8.9099700733139         9.1701794611720         4.5850897305860         4.5850897305860    
   0.99320000000000E-01     8.9291978951063         9.1956887087408         4.5978443543704         4.5978443543704    
   0.99580000000000E-01     8.9483030040321         9.2202924060517         4.6101462030258         4.6101462030258    
   0.99840000000000E-01     8.9673261042274         9.2439847767117         4.6219923883558         4.6219923883558    
