 Multiple Run Output File
  Run #            Var # 1          Out # 1
    1          50.00000000     -.3170189982E-01
    2          60.00000000     -.2645058666E-01
    3          70.00000000     -.2268860872E-01

The optimum occurred for run #      3 and has been repeated for the last run below:
  Run #            Var # 1          Out # 1
    4          70.00000000     -.2268860872E-01

Statistical Summary Based on      3 Runs:
-----------------------------------------
                Var # 1          Out # 1
Minimum:    50.00000000     -.3170189982E-01
Maximum:    70.00000000     -.2268860872E-01
Mean:       60.00000000     -.2694703173E-01
Std Dev:    10.00000000     0.4527106957E-02
 2% Level:  39.46251059     -.3624457285E-01
98% Level:  80.53748941     -.1764949061E-01

Probability Density Functions (%) for Variable 1, Out # 1             
-------------------------------------------------------------------
Centre of Range     Probability(%)   Cumulative Prob.(%)   100-Cumulative Prob.
-.3125123526E-01     33.33333333         33.33333333         66.66666667    
-.3034990615E-01     0.000000000         33.33333333         66.66666667    
-.2944857705E-01     0.000000000         33.33333333         66.66666667    
-.2854724793E-01     0.000000000         33.33333333         66.66666667    
-.2764591882E-01     0.000000000         33.33333333         66.66666667    
-.2674458971E-01     33.33333333         66.66666667         33.33333333    
-.2584326061E-01     0.000000000         66.66666667         33.33333333    
-.2494193149E-01     0.000000000         66.66666667         33.33333333    
-.2404060238E-01     0.000000000         66.66666667         33.33333333    
-.2313927327E-01     33.33333333         100.0000000         0.000000000    

Initial Seed Used in Random Number Generation
---------------------------------------------
Initial Seed
   939095212
