This is pdfTeX, Version 3.1415926-2.5-1.40.14 (MiKTeX 2.9 64-bit) (preloaded format=pdflatex 2019.3.24)  16 DEC 2020 21:40
entering extended mode
**Slides*-*Minicurso*PSCAD.tex

("C:\Users\cleit\Documents\GitHub\PSCAD-Minicurso\APRESENTACAO-TEX\Slides - Min
icurso PSCAD.tex"
LaTeX2e <2011/06/27>
Babel <v3.8m> and hyphenation patterns for english, afrikaans, ancientgreek, ar
abic, armenian, assamese, basque, bengali, bokmal, bulgarian, catalan, coptic, 
croatian, czech, danish, dutch, esperanto, estonian, farsi, finnish, french, ga
lician, german, german-x-2013-05-26, greek, gujarati, hindi, hungarian, iceland
ic, indonesian, interlingua, irish, italian, kannada, kurmanji, latin, latvian,
 lithuanian, malayalam, marathi, mongolian, mongolianlmc, monogreek, ngerman, n
german-x-2013-05-26, nynorsk, oriya, panjabi, pinyin, polish, portuguese, roman
ian, russian, sanskrit, serbian, slovak, slovenian, spanish, swedish, swissgerm
an, tamil, telugu, turkish, turkmen, ukenglish, ukrainian, uppersorbian, usengl
ishmax, welsh, loaded.
("C:\Program Files\MiKTeX 2.9\tex\latex\beamer\base\beamer.cls"
("C:\Program Files\MiKTeX 2.9\tex\latex\beamer\base\beamerbasercs.sty"
Package: beamerbasercs 2013/12/25 (rcs-revision 31cc758a62ae)
)
Document Class: beamer 2013/12/02 3.33 A class for typesetting presentations (r
cs-revision 332bfd3ce558)
("C:\Program Files\MiKTeX 2.9\tex\latex\beamer\base\beamerbasemodes.sty"
Package: beamerbasemodes 2013/09/03 (rcs-revision 768f2d98ca64)
\beamer@tempbox=\box26
\beamer@tempcount=\count79
\c@beamerpauses=\count80

("C:\Program Files\MiKTeX 2.9\tex\latex\beamer\base\beamerbasedecode.sty"
Package: beamerbasedecode 2010/05/01 (rcs-revision efa082c6111d)
\beamer@slideinframe=\count81
\beamer@minimum=\count82
)
\beamer@commentbox=\box27
\beamer@modecount=\count83
)
("C:\Program Files\MiKTeX 2.9\tex\generic\oberdiek\ifpdf.sty"
Package: ifpdf 2011/01/30 v2.3 Provides the ifpdf switch (HO)
Package ifpdf Info: pdfTeX in PDF mode is detected.
)
\headheight=\dimen102
\headdp=\dimen103
\footheight=\dimen104
\sidebarheight=\dimen105
\beamer@tempdim=\dimen106
\beamer@finalheight=\dimen107
\beamer@animht=\dimen108
\beamer@animdp=\dimen109
\beamer@animwd=\dimen110
\beamer@leftmargin=\dimen111
\beamer@rightmargin=\dimen112
\beamer@leftsidebar=\dimen113
\beamer@rightsidebar=\dimen114
\beamer@boxsize=\dimen115
\beamer@vboxoffset=\dimen116
\beamer@descdefault=\dimen117
\beamer@descriptionwidth=\dimen118
\beamer@lastskip=\skip41
\beamer@areabox=\box28
\beamer@animcurrent=\box29
\beamer@animshowbox=\box30
\beamer@sectionbox=\box31
\beamer@logobox=\box32
\beamer@linebox=\box33
\beamer@sectioncount=\count84
\beamer@subsubsectionmax=\count85
\beamer@subsectionmax=\count86
\beamer@sectionmax=\count87
\beamer@totalheads=\count88
\beamer@headcounter=\count89
\beamer@partstartpage=\count90
\beamer@sectionstartpage=\count91
\beamer@subsectionstartpage=\count92
\beamer@animationtempa=\count93
\beamer@animationtempb=\count94
\beamer@xpos=\count95
\beamer@ypos=\count96
\beamer@showpartnumber=\count97
\beamer@currentsubsection=\count98
\beamer@coveringdepth=\count99
\beamer@sectionadjust=\count100
\beamer@tocsectionnumber=\count101

("C:\Program Files\MiKTeX 2.9\tex\latex\beamer\base\beamerbaseoptions.sty"
Package: beamerbaseoptions 2013/03/10 (rcs-revision 47431932db0d)

("C:\Program Files\MiKTeX 2.9\tex\latex\graphics\keyval.sty"
Package: keyval 1999/03/16 v1.13 key=value parser (DPC)
\KV@toks@=\toks14
))
\beamer@paperwidth=\skip42
\beamer@paperheight=\skip43

("C:\Program Files\MiKTeX 2.9\tex\latex\geometry\geometry.sty"
Package: geometry 2010/09/12 v5.6 Page Geometry

("C:\Program Files\MiKTeX 2.9\tex\generic\oberdiek\ifvtex.sty"
Package: ifvtex 2010/03/01 v1.5 Detect VTeX and its facilities (HO)
Package ifvtex Info: VTeX not detected.
)
("C:\Program Files\MiKTeX 2.9\tex\generic\ifxetex\ifxetex.sty"
Package: ifxetex 2010/09/12 v0.6 Provides ifxetex conditional
)
\Gm@cnth=\count102
\Gm@cntv=\count103
\c@Gm@tempcnt=\count104
\Gm@bindingoffset=\dimen119
\Gm@wd@mp=\dimen120
\Gm@odd@mp=\dimen121
\Gm@even@mp=\dimen122
\Gm@layoutwidth=\dimen123
\Gm@layoutheight=\dimen124
\Gm@layouthoffset=\dimen125
\Gm@layoutvoffset=\dimen126
\Gm@dimlist=\toks15

("C:\Program Files\MiKTeX 2.9\tex\latex\geometry\geometry.cfg"))
("C:\Program Files\MiKTeX 2.9\tex\latex\base\size12.clo"
File: size12.clo 2007/10/19 v1.4h Standard LaTeX file (size option)
)
("C:\Program Files\MiKTeX 2.9\tex\latex\pgf\basiclayer\pgfcore.sty"
("C:\Program Files\MiKTeX 2.9\tex\latex\graphics\graphicx.sty"
Package: graphicx 1999/02/16 v1.0f Enhanced LaTeX Graphics (DPC,SPQR)

("C:\Program Files\MiKTeX 2.9\tex\latex\graphics\graphics.sty"
Package: graphics 2009/02/05 v1.0o Standard LaTeX Graphics (DPC,SPQR)

("C:\Program Files\MiKTeX 2.9\tex\latex\graphics\trig.sty"
Package: trig 1999/03/16 v1.09 sin cos tan (DPC)
)
("C:\Program Files\MiKTeX 2.9\tex\latex\00miktex\graphics.cfg"
File: graphics.cfg 2007/01/18 v1.5 graphics configuration of teTeX/TeXLive
)
Package graphics Info: Driver file: pdftex.def on input line 91.

("C:\Program Files\MiKTeX 2.9\tex\latex\pdftex-def\pdftex.def"
File: pdftex.def 2011/05/27 v0.06d Graphics/color for pdfTeX

("C:\Program Files\MiKTeX 2.9\tex\generic\oberdiek\infwarerr.sty"
Package: infwarerr 2010/04/08 v1.3 Providing info/warning/error messages (HO)
)
("C:\Program Files\MiKTeX 2.9\tex\generic\oberdiek\ltxcmds.sty"
Package: ltxcmds 2011/11/09 v1.22 LaTeX kernel commands for general use (HO)
)
\Gread@gobject=\count105
))
\Gin@req@height=\dimen127
\Gin@req@width=\dimen128
)
("C:\Program Files\MiKTeX 2.9\tex\latex\pgf\systemlayer\pgfsys.sty"
("C:\Program Files\MiKTeX 2.9\tex\latex\pgf\utilities\pgfrcs.sty"
("C:\Program Files\MiKTeX 2.9\tex\generic\pgf\utilities\pgfutil-common.tex"
\pgfutil@everybye=\toks16
\pgfutil@tempdima=\dimen129
\pgfutil@tempdimb=\dimen130

("C:\Program Files\MiKTeX 2.9\tex\generic\pgf\utilities\pgfutil-common-lists.te
x")) ("C:\Program Files\MiKTeX 2.9\tex\generic\pgf\utilities\pgfutil-latex.def"
\pgfutil@abb=\box34
("C:\Program Files\MiKTeX 2.9\tex\latex\ms\everyshi.sty"
Package: everyshi 2001/05/15 v3.00 EveryShipout Package (MS)
))
("C:\Program Files\MiKTeX 2.9\tex\generic\pgf\utilities\pgfrcs.code.tex"
Package: pgfrcs 2013/12/20 v3.0.0 (rcs-revision 1.28)
))
("C:\Program Files\MiKTeX 2.9\tex\generic\pgf\systemlayer\pgfsys.code.tex"
Package: pgfsys 2013/11/30 v3.0.0 (rcs-revision 1.47)

("C:\Program Files\MiKTeX 2.9\tex\generic\pgf\utilities\pgfkeys.code.tex"
\pgfkeys@pathtoks=\toks17
\pgfkeys@temptoks=\toks18

("C:\Program Files\MiKTeX 2.9\tex\generic\pgf\utilities\pgfkeysfiltered.code.te
x"
\pgfkeys@tmptoks=\toks19
))
\pgf@x=\dimen131
\pgf@y=\dimen132
\pgf@xa=\dimen133
\pgf@ya=\dimen134
\pgf@xb=\dimen135
\pgf@yb=\dimen136
\pgf@xc=\dimen137
\pgf@yc=\dimen138
\w@pgf@writea=\write3
\r@pgf@reada=\read1
\c@pgf@counta=\count106
\c@pgf@countb=\count107
\c@pgf@countc=\count108
\c@pgf@countd=\count109
\t@pgf@toka=\toks20
\t@pgf@tokb=\toks21
\t@pgf@tokc=\toks22
 ("C:\Program Files\MiKTeX 2.9\tex\generic\pgf\systemlayer\pgf.cfg"
File: pgf.cfg 2008/05/14  (rcs-revision 1.7)
)
Driver file for pgf: pgfsys-pdftex.def

("C:\Program Files\MiKTeX 2.9\tex\generic\pgf\systemlayer\pgfsys-pdftex.def"
File: pgfsys-pdftex.def 2013/07/18  (rcs-revision 1.33)

("C:\Program Files\MiKTeX 2.9\tex\generic\pgf\systemlayer\pgfsys-common-pdf.def
"
File: pgfsys-common-pdf.def 2013/10/10  (rcs-revision 1.13)
)))
("C:\Program Files\MiKTeX 2.9\tex\generic\pgf\systemlayer\pgfsyssoftpath.code.t
ex"
File: pgfsyssoftpath.code.tex 2013/09/09  (rcs-revision 1.9)
\pgfsyssoftpath@smallbuffer@items=\count110
\pgfsyssoftpath@bigbuffer@items=\count111
)
("C:\Program Files\MiKTeX 2.9\tex\generic\pgf\systemlayer\pgfsysprotocol.code.t
ex"
File: pgfsysprotocol.code.tex 2006/10/16  (rcs-revision 1.4)
)) ("C:\Program Files\MiKTeX 2.9\tex\latex\xcolor\xcolor.sty"
Package: xcolor 2007/01/21 v2.11 LaTeX color extensions (UK)

("C:\Program Files\MiKTeX 2.9\tex\latex\00miktex\color.cfg"
File: color.cfg 2007/01/18 v1.5 color configuration of teTeX/TeXLive
)
Package xcolor Info: Driver file: pdftex.def on input line 225.
Package xcolor Info: Model `cmy' substituted by `cmy0' on input line 1337.
Package xcolor Info: Model `hsb' substituted by `rgb' on input line 1341.
Package xcolor Info: Model `RGB' extended on input line 1353.
Package xcolor Info: Model `HTML' substituted by `rgb' on input line 1355.
Package xcolor Info: Model `Hsb' substituted by `hsb' on input line 1356.
Package xcolor Info: Model `tHsb' substituted by `hsb' on input line 1357.
Package xcolor Info: Model `HSB' substituted by `hsb' on input line 1358.
Package xcolor Info: Model `Gray' substituted by `gray' on input line 1359.
Package xcolor Info: Model `wave' substituted by `hsb' on input line 1360.
)
("C:\Program Files\MiKTeX 2.9\tex\generic\pgf\basiclayer\pgfcore.code.tex"
Package: pgfcore 2010/04/11 v3.0.0 (rcs-revision 1.7)

("C:\Program Files\MiKTeX 2.9\tex\generic\pgf\math\pgfmath.code.tex"
("C:\Program Files\MiKTeX 2.9\tex\generic\pgf\math\pgfmathcalc.code.tex"
("C:\Program Files\MiKTeX 2.9\tex\generic\pgf\math\pgfmathutil.code.tex")
("C:\Program Files\MiKTeX 2.9\tex\generic\pgf\math\pgfmathparser.code.tex"
\pgfmath@dimen=\dimen139
\pgfmath@count=\count112
\pgfmath@box=\box35
\pgfmath@toks=\toks23
\pgfmath@stack@operand=\toks24
\pgfmath@stack@operation=\toks25
)
("C:\Program Files\MiKTeX 2.9\tex\generic\pgf\math\pgfmathfunctions.code.tex"
("C:\Program Files\MiKTeX 2.9\tex\generic\pgf\math\pgfmathfunctions.basic.code.
tex")
("C:\Program Files\MiKTeX 2.9\tex\generic\pgf\math\pgfmathfunctions.trigonometr
ic.code.tex")
("C:\Program Files\MiKTeX 2.9\tex\generic\pgf\math\pgfmathfunctions.random.code
.tex")
("C:\Program Files\MiKTeX 2.9\tex\generic\pgf\math\pgfmathfunctions.comparison.
code.tex")
("C:\Program Files\MiKTeX 2.9\tex\generic\pgf\math\pgfmathfunctions.base.code.t
ex")
("C:\Program Files\MiKTeX 2.9\tex\generic\pgf\math\pgfmathfunctions.round.code.
tex")
("C:\Program Files\MiKTeX 2.9\tex\generic\pgf\math\pgfmathfunctions.misc.code.t
ex")
("C:\Program Files\MiKTeX 2.9\tex\generic\pgf\math\pgfmathfunctions.integerarit
hmetics.code.tex")))
("C:\Program Files\MiKTeX 2.9\tex\generic\pgf\math\pgfmathfloat.code.tex"
\c@pgfmathroundto@lastzeros=\count113
))
("C:\Program Files\MiKTeX 2.9\tex\generic\pgf\basiclayer\pgfcorepoints.code.tex
"
File: pgfcorepoints.code.tex 2013/10/07  (rcs-revision 1.27)
\pgf@picminx=\dimen140
\pgf@picmaxx=\dimen141
\pgf@picminy=\dimen142
\pgf@picmaxy=\dimen143
\pgf@pathminx=\dimen144
\pgf@pathmaxx=\dimen145
\pgf@pathminy=\dimen146
\pgf@pathmaxy=\dimen147
\pgf@xx=\dimen148
\pgf@xy=\dimen149
\pgf@yx=\dimen150
\pgf@yy=\dimen151
\pgf@zx=\dimen152
\pgf@zy=\dimen153
)
("C:\Program Files\MiKTeX 2.9\tex\generic\pgf\basiclayer\pgfcorepathconstruct.c
ode.tex"
File: pgfcorepathconstruct.code.tex 2013/10/07  (rcs-revision 1.29)
\pgf@path@lastx=\dimen154
\pgf@path@lasty=\dimen155
)
("C:\Program Files\MiKTeX 2.9\tex\generic\pgf\basiclayer\pgfcorepathusage.code.
tex"
File: pgfcorepathusage.code.tex 2013/12/13  (rcs-revision 1.23)
\pgf@shorten@end@additional=\dimen156
\pgf@shorten@start@additional=\dimen157
)
("C:\Program Files\MiKTeX 2.9\tex\generic\pgf\basiclayer\pgfcorescopes.code.tex
"
File: pgfcorescopes.code.tex 2013/10/09  (rcs-revision 1.44)
\pgfpic=\box36
\pgf@hbox=\box37
\pgf@layerbox@main=\box38
\pgf@picture@serial@count=\count114
)
("C:\Program Files\MiKTeX 2.9\tex\generic\pgf\basiclayer\pgfcoregraphicstate.co
de.tex"
File: pgfcoregraphicstate.code.tex 2013/09/19  (rcs-revision 1.11)
\pgflinewidth=\dimen158
)
("C:\Program Files\MiKTeX 2.9\tex\generic\pgf\basiclayer\pgfcoretransformations
.code.tex"
File: pgfcoretransformations.code.tex 2013/10/10  (rcs-revision 1.17)
\pgf@pt@x=\dimen159
\pgf@pt@y=\dimen160
\pgf@pt@temp=\dimen161
)
("C:\Program Files\MiKTeX 2.9\tex\generic\pgf\basiclayer\pgfcorequick.code.tex"
File: pgfcorequick.code.tex 2008/10/09  (rcs-revision 1.3)
)
("C:\Program Files\MiKTeX 2.9\tex\generic\pgf\basiclayer\pgfcoreobjects.code.te
x"
File: pgfcoreobjects.code.tex 2006/10/11  (rcs-revision 1.2)
)
("C:\Program Files\MiKTeX 2.9\tex\generic\pgf\basiclayer\pgfcorepathprocessing.
code.tex"
File: pgfcorepathprocessing.code.tex 2013/09/09  (rcs-revision 1.9)
)
("C:\Program Files\MiKTeX 2.9\tex\generic\pgf\basiclayer\pgfcorearrows.code.tex
"
File: pgfcorearrows.code.tex 2013/11/07  (rcs-revision 1.40)
\pgfarrowsep=\dimen162
)
("C:\Program Files\MiKTeX 2.9\tex\generic\pgf\basiclayer\pgfcoreshade.code.tex"
File: pgfcoreshade.code.tex 2013/07/15  (rcs-revision 1.15)
\pgf@max=\dimen163
\pgf@sys@shading@range@num=\count115
) ("C:\Program Files\MiKTeX 2.9\tex\generic\pgf\basiclayer\pgfcoreimage.code.te
x"
File: pgfcoreimage.code.tex 2013/07/15  (rcs-revision 1.18)

("C:\Program Files\MiKTeX 2.9\tex\generic\pgf\basiclayer\pgfcoreexternal.code.t
ex"
File: pgfcoreexternal.code.tex 2013/07/15  (rcs-revision 1.20)
\pgfexternal@startupbox=\box39
))
("C:\Program Files\MiKTeX 2.9\tex\generic\pgf\basiclayer\pgfcorelayers.code.tex
"
File: pgfcorelayers.code.tex 2013/07/18  (rcs-revision 1.7)
)
("C:\Program Files\MiKTeX 2.9\tex\generic\pgf\basiclayer\pgfcoretransparency.co
de.tex"
File: pgfcoretransparency.code.tex 2013/09/30  (rcs-revision 1.5)
)
("C:\Program Files\MiKTeX 2.9\tex\generic\pgf\basiclayer\pgfcorepatterns.code.t
ex"
File: pgfcorepatterns.code.tex 2013/11/07  (rcs-revision 1.5)
))) ("C:\Program Files\MiKTeX 2.9\tex\latex\pgf\utilities\xxcolor.sty"
Package: xxcolor 2003/10/24 ver 0.1
\XC@nummixins=\count116
\XC@countmixins=\count117
)
("C:\Program Files\MiKTeX 2.9\tex\generic\oberdiek\atbegshi.sty"
Package: atbegshi 2011/10/05 v1.16 At begin shipout hook (HO)
)
("C:\Program Files\MiKTeX 2.9\tex\latex\hyperref\hyperref.sty"
Package: hyperref 2012/11/06 v6.83m Hypertext links for LaTeX

("C:\Program Files\MiKTeX 2.9\tex\generic\oberdiek\hobsub-hyperref.sty"
Package: hobsub-hyperref 2012/04/25 v1.12 Bundle oberdiek, subset hyperref (HO)


("C:\Program Files\MiKTeX 2.9\tex\generic\oberdiek\hobsub-generic.sty"
Package: hobsub-generic 2012/04/25 v1.12 Bundle oberdiek, subset generic (HO)
Package: hobsub 2012/04/25 v1.12 Construct package bundles (HO)
Package hobsub Info: Skipping package `infwarerr' (already loaded).
Package hobsub Info: Skipping package `ltxcmds' (already loaded).
Package: ifluatex 2010/03/01 v1.3 Provides the ifluatex switch (HO)
Package ifluatex Info: LuaTeX not detected.
Package hobsub Info: Skipping package `ifvtex' (already loaded).
Package: intcalc 2007/09/27 v1.1 Expandable calculations with integers (HO)
Package hobsub Info: Skipping package `ifpdf' (already loaded).
Package: etexcmds 2011/02/16 v1.5 Avoid name clashes with e-TeX commands (HO)
Package etexcmds Info: Could not find \expanded.
(etexcmds)             That can mean that you are not using pdfTeX 1.50 or
(etexcmds)             that some package has redefined \expanded.
(etexcmds)             In the latter case, load this package earlier.
Package: kvsetkeys 2012/04/25 v1.16 Key value parser (HO)
Package: kvdefinekeys 2011/04/07 v1.3 Define keys (HO)
Package: pdftexcmds 2011/11/29 v0.20 Utility functions of pdfTeX for LuaTeX (HO
)
Package pdftexcmds Info: LuaTeX not detected.
Package pdftexcmds Info: \pdf@primitive is available.
Package pdftexcmds Info: \pdf@ifprimitive is available.
Package pdftexcmds Info: \pdfdraftmode found.
Package: pdfescape 2011/11/25 v1.13 Implements pdfTeX's escape features (HO)
Package: bigintcalc 2012/04/08 v1.3 Expandable calculations on big integers (HO
)
Package: bitset 2011/01/30 v1.1 Handle bit-vector datatype (HO)
Package: uniquecounter 2011/01/30 v1.2 Provide unlimited unique counter (HO)
)
Package hobsub Info: Skipping package `hobsub' (already loaded).
Package: letltxmacro 2010/09/02 v1.4 Let assignment for LaTeX macros (HO)
Package: hopatch 2011/06/24 v1.1 Wrapper for package hooks (HO)
Package: xcolor-patch 2011/01/30 xcolor patch
Package: atveryend 2011/06/30 v1.8 Hooks at the very end of document (HO)
Package atveryend Info: \enddocument detected (standard20110627).
Package hobsub Info: Skipping package `atbegshi' (already loaded).
Package: refcount 2011/10/16 v3.4 Data extraction from label references (HO)
Package: hycolor 2011/01/30 v1.7 Color options for hyperref/bookmark (HO)
)
("C:\Program Files\MiKTeX 2.9\tex\latex\oberdiek\auxhook.sty"
Package: auxhook 2011/03/04 v1.3 Hooks for auxiliary files (HO)
)
("C:\Program Files\MiKTeX 2.9\tex\latex\oberdiek\kvoptions.sty"
Package: kvoptions 2011/06/30 v3.11 Key value format for package options (HO)
)
\@linkdim=\dimen164
\Hy@linkcounter=\count118
\Hy@pagecounter=\count119

("C:\Program Files\MiKTeX 2.9\tex\latex\hyperref\pd1enc.def"
File: pd1enc.def 2012/11/06 v6.83m Hyperref: PDFDocEncoding definition (HO)
)
\Hy@SavedSpaceFactor=\count120

("C:\Program Files\MiKTeX 2.9\tex\latex\00miktex\hyperref.cfg"
File: hyperref.cfg 2002/06/06 v1.2 hyperref configuration of TeXLive
)
Package hyperref Info: Option `bookmarks' set `true' on input line 4319.
Package hyperref Info: Option `bookmarksopen' set `true' on input line 4319.
Package hyperref Info: Option `implicit' set `false' on input line 4319.
Package hyperref Info: Hyper figures OFF on input line 4443.
Package hyperref Info: Link nesting OFF on input line 4448.
Package hyperref Info: Hyper index ON on input line 4451.
Package hyperref Info: Plain pages OFF on input line 4458.
Package hyperref Info: Backreferencing OFF on input line 4463.
Package hyperref Info: Implicit mode OFF; no redefinition of LaTeX internals.
Package hyperref Info: Bookmarks ON on input line 4688.
\c@Hy@tempcnt=\count121

("C:\Program Files\MiKTeX 2.9\tex\latex\url\url.sty"
\Urlmuskip=\muskip10
Package: url 2013/09/16  ver 3.4  Verb mode for urls, etc.
)
LaTeX Info: Redefining \url on input line 5041.
\XeTeXLinkMargin=\dimen165
\Fld@menulength=\count122
\Field@Width=\dimen166
\Fld@charsize=\dimen167
Package hyperref Info: Hyper figures OFF on input line 6295.
Package hyperref Info: Link nesting OFF on input line 6300.
Package hyperref Info: Hyper index ON on input line 6303.
Package hyperref Info: backreferencing OFF on input line 6310.
Package hyperref Info: Link coloring OFF on input line 6315.
Package hyperref Info: Link coloring with OCG OFF on input line 6320.
Package hyperref Info: PDF/A mode OFF on input line 6325.
LaTeX Info: Redefining \ref on input line 6365.
LaTeX Info: Redefining \pageref on input line 6369.
\Hy@abspage=\count123


Package hyperref Message: Stopped early.

)

Package hyperref Message: Driver (autodetected): hpdftex.

("C:\Program Files\MiKTeX 2.9\tex\latex\hyperref\hpdftex.def"
File: hpdftex.def 2012/11/06 v6.83m Hyperref driver for pdfTeX
\Fld@listcount=\count124
\c@bookmark@seq@number=\count125

("C:\Program Files\MiKTeX 2.9\tex\latex\oberdiek\rerunfilecheck.sty"
Package: rerunfilecheck 2011/04/15 v1.7 Rerun checks for auxiliary files (HO)
Package uniquecounter Info: New unique counter `rerunfilecheck' on input line 2
82.
))
("C:\Program Files\MiKTeX 2.9\tex\latex\beamer\base\beamerbaserequires.sty"
Package: beamerbaserequires 2010/05/01  (rcs-revision efa082c6111d)

("C:\Program Files\MiKTeX 2.9\tex\latex\beamer\base\beamerbasecompatibility.sty
"
Package: beamerbasecompatibility 2012/05/01  (rcs-revision 67c48b3b652d)
) ("C:\Program Files\MiKTeX 2.9\tex\latex\beamer\base\beamerbasefont.sty"
Package: beamerbasefont 2013/10/18  (rcs-revision 72f39e01808a)

("C:\Program Files\MiKTeX 2.9\tex\latex\amsfonts\amssymb.sty"
Package: amssymb 2013/01/14 v3.01 AMS font symbols

("C:\Program Files\MiKTeX 2.9\tex\latex\amsfonts\amsfonts.sty"
Package: amsfonts 2013/01/14 v3.01 Basic AMSFonts support
\@emptytoks=\toks26
\symAMSa=\mathgroup4
\symAMSb=\mathgroup5
LaTeX Font Info:    Overwriting math alphabet `\mathfrak' in version `bold'
(Font)                  U/euf/m/n --> U/euf/b/n on input line 106.
))
("C:\Program Files\MiKTeX 2.9\tex\latex\sansmathaccent\sansmathaccent.sty"
Package: sansmathaccent 2013/03/28

("C:\Program Files\MiKTeX 2.9\tex\latex\filehook\filehook.sty"
Package: filehook 2011/10/12 v0.5d Hooks for input files
)))
("C:\Program Files\MiKTeX 2.9\tex\latex\beamer\base\beamerbasetranslator.sty"
Package: beamerbasetranslator 2010/06/11  (rcs-revision 85fd1cc7fc42)

("C:\Program Files\MiKTeX 2.9\tex\latex\beamer\base\translator\translator.sty"
Package: translator 2010/06/12 ver 1.10

("C:\Program Files\MiKTeX 2.9\tex\latex\beamer\base\translator\translator-langu
age-mappings.tex")))
("C:\Program Files\MiKTeX 2.9\tex\latex\beamer\base\beamerbasemisc.sty"
Package: beamerbasemisc 2013/09/03  (rcs-revision a55719c41d85)
)
("C:\Program Files\MiKTeX 2.9\tex\latex\beamer\base\beamerbasetwoscreens.sty"
Package: beamerbasetwoscreens 2010/05/01  (rcs-revision efa082c6111d)
)
("C:\Program Files\MiKTeX 2.9\tex\latex\beamer\base\beamerbaseoverlay.sty"
Package: beamerbaseoverlay 2013/12/25  (rcs-revision f6bd5e3805da)
\beamer@argscount=\count126
\beamer@lastskipcover=\skip44
\beamer@trivlistdepth=\count127
)
("C:\Program Files\MiKTeX 2.9\tex\latex\beamer\base\beamerbasetitle.sty"
Package: beamerbasetitle 2010/09/21  (rcs-revision f0446ed0b6ae)
)
("C:\Program Files\MiKTeX 2.9\tex\latex\beamer\base\beamerbasesection.sty"
Package: beamerbasesection 2013/06/07  (rcs-revision 60b9fe0f342f)
\c@lecture=\count128
\c@part=\count129
\c@section=\count130
\c@subsection=\count131
\c@subsubsection=\count132
)
("C:\Program Files\MiKTeX 2.9\tex\latex\beamer\base\beamerbaseframe.sty"
Package: beamerbaseframe 2013/10/02  (rcs-revision cdc8e9a3aaac)
\beamer@framebox=\box40
\beamer@frametitlebox=\box41
\beamer@zoombox=\box42
\beamer@zoomcount=\count133
\beamer@zoomframecount=\count134
\beamer@frametextheight=\dimen168
\c@subsectionslide=\count135
\beamer@frametopskip=\skip45
\beamer@framebottomskip=\skip46
\beamer@frametopskipautobreak=\skip47
\beamer@framebottomskipautobreak=\skip48
\beamer@envbody=\toks27
\framewidth=\dimen169
\c@framenumber=\count136
)
("C:\Program Files\MiKTeX 2.9\tex\latex\beamer\base\beamerbaseverbatim.sty"
Package: beamerbaseverbatim 2012/08/30  (rcs-revision dfdb135076b3)
\beamer@verbatimfileout=\write4
)
("C:\Program Files\MiKTeX 2.9\tex\latex\beamer\base\beamerbaseframesize.sty"
Package: beamerbaseframesize 2011/09/12  (rcs-revision 70f9d8411e54)
\beamer@splitbox=\box43
\beamer@autobreakcount=\count137
\beamer@autobreaklastheight=\dimen170
\beamer@frametitletoks=\toks28
\beamer@framesubtitletoks=\toks29
)
("C:\Program Files\MiKTeX 2.9\tex\latex\beamer\base\beamerbaseframecomponents.s
ty"
Package: beamerbaseframecomponents 2013/10/18  (rcs-revision 5cf6c5555a45)
\beamer@footins=\box44
) ("C:\Program Files\MiKTeX 2.9\tex\latex\beamer\base\beamerbasecolor.sty"
Package: beamerbasecolor 2010/06/06  (rcs-revision d1a9b48be06d)
)
("C:\Program Files\MiKTeX 2.9\tex\latex\beamer\base\beamerbasenotes.sty"
Package: beamerbasenotes 2012/12/19  (rcs-revision 1686da3db3c9)
\beamer@frameboxcopy=\box45
)
("C:\Program Files\MiKTeX 2.9\tex\latex\beamer\base\beamerbasetoc.sty"
Package: beamerbasetoc 2013/05/23  (rcs-revision 0fdf5bc43be8)
)
("C:\Program Files\MiKTeX 2.9\tex\latex\beamer\base\beamerbasetemplates.sty"
Package: beamerbasetemplates 2010/05/01  (rcs-revision efa082c6111d)
\beamer@sbttoks=\toks30

("C:\Program Files\MiKTeX 2.9\tex\latex\beamer\base\beamerbaseauxtemplates.sty"
Package: beamerbaseauxtemplates 2013/09/04  (rcs-revision 4ac715c499d0)
("C:\Program Files\MiKTeX 2.9\tex\latex\beamer\base\beamerbaseboxes.sty"
Package: beamerbaseboxes 2012/05/13  (rcs-revision 56972908a390)
\bmb@box=\box46
\bmb@colorbox=\box47
\bmb@boxshadow=\box48
\bmb@boxshadowball=\box49
\bmb@boxshadowballlarge=\box50
\bmb@temp=\dimen171
\bmb@dima=\dimen172
\bmb@dimb=\dimen173
\bmb@prevheight=\dimen174
)
\beamer@blockheadheight=\dimen175
))
("C:\Program Files\MiKTeX 2.9\tex\latex\beamer\base\beamerbaselocalstructure.st
y"
Package: beamerbaselocalstructure 2013/09/04  (rcs-revision 4ac715c499d0)
 ("C:\Program Files\MiKTeX 2.9\tex\latex\tools\enumerate.sty"
Package: enumerate 1999/03/05 v3.00 enumerate extensions (DPC)
\@enLab=\toks31
)
\c@figure=\count138
\c@table=\count139
\abovecaptionskip=\skip49
\belowcaptionskip=\skip50
)
("C:\Program Files\MiKTeX 2.9\tex\latex\beamer\base\beamerbasenavigation.sty"
Package: beamerbasenavigation 2013/10/05  (rcs-revision 62be157fe783)
\beamer@section@min@dim=\dimen176
)
("C:\Program Files\MiKTeX 2.9\tex\latex\beamer\base\beamerbasetheorems.sty"
Package: beamerbasetheorems 2010/06/06  (rcs-revision 7e7cc5e53e9d)

("C:\Program Files\MiKTeX 2.9\tex\latex\amsmath\amsmath.sty"
Package: amsmath 2013/01/14 v2.14 AMS math features
\@mathmargin=\skip51

For additional information on amsmath, use the `?' option.
("C:\Program Files\MiKTeX 2.9\tex\latex\amsmath\amstext.sty"
Package: amstext 2000/06/29 v2.01

("C:\Program Files\MiKTeX 2.9\tex\latex\amsmath\amsgen.sty"
File: amsgen.sty 1999/11/30 v2.0
\@emptytoks=\toks32
\ex@=\dimen177
))
("C:\Program Files\MiKTeX 2.9\tex\latex\amsmath\amsbsy.sty"
Package: amsbsy 1999/11/29 v1.2d
\pmbraise@=\dimen178
)
("C:\Program Files\MiKTeX 2.9\tex\latex\amsmath\amsopn.sty"
Package: amsopn 1999/12/14 v2.01 operator names
)
\inf@bad=\count140
LaTeX Info: Redefining \frac on input line 210.
\uproot@=\count141
\leftroot@=\count142
LaTeX Info: Redefining \overline on input line 306.
\classnum@=\count143
\DOTSCASE@=\count144
LaTeX Info: Redefining \ldots on input line 378.
LaTeX Info: Redefining \dots on input line 381.
LaTeX Info: Redefining \cdots on input line 466.
\Mathstrutbox@=\box51
\strutbox@=\box52
\big@size=\dimen179
LaTeX Font Info:    Redeclaring font encoding OML on input line 566.
LaTeX Font Info:    Redeclaring font encoding OMS on input line 567.
\macc@depth=\count145
\c@MaxMatrixCols=\count146
\dotsspace@=\muskip11
\c@parentequation=\count147
\dspbrk@lvl=\count148
\tag@help=\toks33
\row@=\count149
\column@=\count150
\maxfields@=\count151
\andhelp@=\toks34
\eqnshift@=\dimen180
\alignsep@=\dimen181
\tagshift@=\dimen182
\tagwidth@=\dimen183
\totwidth@=\dimen184
\lineht@=\dimen185
\@envbody=\toks35
\multlinegap=\skip52
\multlinetaggap=\skip53
\mathdisplay@stack=\toks36
LaTeX Info: Redefining \[ on input line 2665.
LaTeX Info: Redefining \] on input line 2666.
)
("C:\Program Files\MiKTeX 2.9\tex\latex\amscls\amsthm.sty"
Package: amsthm 2004/08/06 v2.20
\thm@style=\toks37
\thm@bodyfont=\toks38
\thm@headfont=\toks39
\thm@notefont=\toks40
\thm@headpunct=\toks41
\thm@preskip=\skip54
\thm@postskip=\skip55
\thm@headsep=\skip56
\dth@everypar=\toks42
)
\c@theorem=\count152
)
("C:\Program Files\MiKTeX 2.9\tex\latex\beamer\base\beamerbasethemes.sty"
Package: beamerbasethemes 2010/05/01  (rcs-revision efa082c6111d)
))
("C:\Program Files\MiKTeX 2.9\tex\latex\beamer\base\themes\theme\beamerthemedef
ault.sty"
Package: beamerthemedefault 2010/06/17  (rcs-revision d02a7cf4d8ae)

("C:\Program Files\MiKTeX 2.9\tex\latex\beamer\base\themes\font\beamerfonttheme
default.sty"
Package: beamerfontthemedefault 2012/12/19  (rcs-revision 1686da3db3c9)
)
("C:\Program Files\MiKTeX 2.9\tex\latex\beamer\base\themes\color\beamercolorthe
medefault.sty"
Package: beamercolorthemedefault 2012/12/19  (rcs-revision 1686da3db3c9)
)
("C:\Program Files\MiKTeX 2.9\tex\latex\beamer\base\themes\inner\beamerinnerthe
medefault.sty"
Package: beamerinnerthemedefault 2013/10/15  (rcs-revision 65cb471f9634)
\beamer@dima=\dimen186
\beamer@dimb=\dimen187
)
("C:\Program Files\MiKTeX 2.9\tex\latex\beamer\base\themes\outer\beamerouterthe
medefault.sty"
Package: beamerouterthemedefault 2012/12/19  (rcs-revision 1686da3db3c9)
)))
(C:\Users\cleit\Documents\GitHub\PSCAD-Minicurso\APRESENTACAO-TEX\cmfslidespkg.
sty
Package: cmfslidespkg 2020/06/03 Pacote para facilitar a criação de slides

("C:\Program Files\MiKTeX 2.9\tex\latex\beamer\base\themes\theme\beamerthemeCam
bridgeUS.sty"
Package: beamerthemeCambridgeUS 2010/06/17  (rcs-revision d02a7cf4d8ae)

("C:\Program Files\MiKTeX 2.9\tex\latex\beamer\base\themes\inner\beamerinnerthe
merounded.sty"
Package: beamerinnerthemerounded 2010/06/17  (rcs-revision d02a7cf4d8ae)
)
("C:\Program Files\MiKTeX 2.9\tex\latex\beamer\base\themes\outer\beamerouterthe
meinfolines.sty"
Package: beamerouterthemeinfolines 2012/10/16  (rcs-revision 51a8c72084af)
)
("C:\Program Files\MiKTeX 2.9\tex\latex\beamer\base\themes\color\beamercolorthe
mebeaver.sty"
Package: beamercolorthemebeaver 2010/06/17  (rcs-revision d02a7cf4d8ae)
)) ("C:\Program Files\MiKTeX 2.9\tex\latex\base\inputenc.sty"
Package: inputenc 2008/03/30 v1.1d Input encoding file
\inpenc@prehook=\toks43
\inpenc@posthook=\toks44

("C:\Program Files\MiKTeX 2.9\tex\latex\base\utf8.def"
File: utf8.def 2008/04/05 v1.1m UTF-8 support for inputenc
Now handling font encoding OML ...
... no UTF-8 mapping file for font encoding OML
Now handling font encoding T1 ...
... processing UTF-8 mapping file for font encoding T1

("C:\Program Files\MiKTeX 2.9\tex\latex\base\t1enc.dfu"
File: t1enc.dfu 2008/04/05 v1.1m UTF-8 support for inputenc
   defining Unicode char U+00A1 (decimal 161)
   defining Unicode char U+00A3 (decimal 163)
   defining Unicode char U+00AB (decimal 171)
   defining Unicode char U+00BB (decimal 187)
   defining Unicode char U+00BF (decimal 191)
   defining Unicode char U+00C0 (decimal 192)
   defining Unicode char U+00C1 (decimal 193)
   defining Unicode char U+00C2 (decimal 194)
   defining Unicode char U+00C3 (decimal 195)
   defining Unicode char U+00C4 (decimal 196)
   defining Unicode char U+00C5 (decimal 197)
   defining Unicode char U+00C6 (decimal 198)
   defining Unicode char U+00C7 (decimal 199)
   defining Unicode char U+00C8 (decimal 200)
   defining Unicode char U+00C9 (decimal 201)
   defining Unicode char U+00CA (decimal 202)
   defining Unicode char U+00CB (decimal 203)
   defining Unicode char U+00CC (decimal 204)
   defining Unicode char U+00CD (decimal 205)
   defining Unicode char U+00CE (decimal 206)
   defining Unicode char U+00CF (decimal 207)
   defining Unicode char U+00D0 (decimal 208)
   defining Unicode char U+00D1 (decimal 209)
   defining Unicode char U+00D2 (decimal 210)
   defining Unicode char U+00D3 (decimal 211)
   defining Unicode char U+00D4 (decimal 212)
   defining Unicode char U+00D5 (decimal 213)
   defining Unicode char U+00D6 (decimal 214)
   defining Unicode char U+00D8 (decimal 216)
   defining Unicode char U+00D9 (decimal 217)
   defining Unicode char U+00DA (decimal 218)
   defining Unicode char U+00DB (decimal 219)
   defining Unicode char U+00DC (decimal 220)
   defining Unicode char U+00DD (decimal 221)
   defining Unicode char U+00DE (decimal 222)
   defining Unicode char U+00DF (decimal 223)
   defining Unicode char U+00E0 (decimal 224)
   defining Unicode char U+00E1 (decimal 225)
   defining Unicode char U+00E2 (decimal 226)
   defining Unicode char U+00E3 (decimal 227)
   defining Unicode char U+00E4 (decimal 228)
   defining Unicode char U+00E5 (decimal 229)
   defining Unicode char U+00E6 (decimal 230)
   defining Unicode char U+00E7 (decimal 231)
   defining Unicode char U+00E8 (decimal 232)
   defining Unicode char U+00E9 (decimal 233)
   defining Unicode char U+00EA (decimal 234)
   defining Unicode char U+00EB (decimal 235)
   defining Unicode char U+00EC (decimal 236)
   defining Unicode char U+00ED (decimal 237)
   defining Unicode char U+00EE (decimal 238)
   defining Unicode char U+00EF (decimal 239)
   defining Unicode char U+00F0 (decimal 240)
   defining Unicode char U+00F1 (decimal 241)
   defining Unicode char U+00F2 (decimal 242)
   defining Unicode char U+00F3 (decimal 243)
   defining Unicode char U+00F4 (decimal 244)
   defining Unicode char U+00F5 (decimal 245)
   defining Unicode char U+00F6 (decimal 246)
   defining Unicode char U+00F8 (decimal 248)
   defining Unicode char U+00F9 (decimal 249)
   defining Unicode char U+00FA (decimal 250)
   defining Unicode char U+00FB (decimal 251)
   defining Unicode char U+00FC (decimal 252)
   defining Unicode char U+00FD (decimal 253)
   defining Unicode char U+00FE (decimal 254)
   defining Unicode char U+00FF (decimal 255)
   defining Unicode char U+0102 (decimal 258)
   defining Unicode char U+0103 (decimal 259)
   defining Unicode char U+0104 (decimal 260)
   defining Unicode char U+0105 (decimal 261)
   defining Unicode char U+0106 (decimal 262)
   defining Unicode char U+0107 (decimal 263)
   defining Unicode char U+010C (decimal 268)
   defining Unicode char U+010D (decimal 269)
   defining Unicode char U+010E (decimal 270)
   defining Unicode char U+010F (decimal 271)
   defining Unicode char U+0110 (decimal 272)
   defining Unicode char U+0111 (decimal 273)
   defining Unicode char U+0118 (decimal 280)
   defining Unicode char U+0119 (decimal 281)
   defining Unicode char U+011A (decimal 282)
   defining Unicode char U+011B (decimal 283)
   defining Unicode char U+011E (decimal 286)
   defining Unicode char U+011F (decimal 287)
   defining Unicode char U+0130 (decimal 304)
   defining Unicode char U+0131 (decimal 305)
   defining Unicode char U+0132 (decimal 306)
   defining Unicode char U+0133 (decimal 307)
   defining Unicode char U+0139 (decimal 313)
   defining Unicode char U+013A (decimal 314)
   defining Unicode char U+013D (decimal 317)
   defining Unicode char U+013E (decimal 318)
   defining Unicode char U+0141 (decimal 321)
   defining Unicode char U+0142 (decimal 322)
   defining Unicode char U+0143 (decimal 323)
   defining Unicode char U+0144 (decimal 324)
   defining Unicode char U+0147 (decimal 327)
   defining Unicode char U+0148 (decimal 328)
   defining Unicode char U+014A (decimal 330)
   defining Unicode char U+014B (decimal 331)
   defining Unicode char U+0150 (decimal 336)
   defining Unicode char U+0151 (decimal 337)
   defining Unicode char U+0152 (decimal 338)
   defining Unicode char U+0153 (decimal 339)
   defining Unicode char U+0154 (decimal 340)
   defining Unicode char U+0155 (decimal 341)
   defining Unicode char U+0158 (decimal 344)
   defining Unicode char U+0159 (decimal 345)
   defining Unicode char U+015A (decimal 346)
   defining Unicode char U+015B (decimal 347)
   defining Unicode char U+015E (decimal 350)
   defining Unicode char U+015F (decimal 351)
   defining Unicode char U+0160 (decimal 352)
   defining Unicode char U+0161 (decimal 353)
   defining Unicode char U+0162 (decimal 354)
   defining Unicode char U+0163 (decimal 355)
   defining Unicode char U+0164 (decimal 356)
   defining Unicode char U+0165 (decimal 357)
   defining Unicode char U+016E (decimal 366)
   defining Unicode char U+016F (decimal 367)
   defining Unicode char U+0170 (decimal 368)
   defining Unicode char U+0171 (decimal 369)
   defining Unicode char U+0178 (decimal 376)
   defining Unicode char U+0179 (decimal 377)
   defining Unicode char U+017A (decimal 378)
   defining Unicode char U+017B (decimal 379)
   defining Unicode char U+017C (decimal 380)
   defining Unicode char U+017D (decimal 381)
   defining Unicode char U+017E (decimal 382)
   defining Unicode char U+200C (decimal 8204)
   defining Unicode char U+2013 (decimal 8211)
   defining Unicode char U+2014 (decimal 8212)
   defining Unicode char U+2018 (decimal 8216)
   defining Unicode char U+2019 (decimal 8217)
   defining Unicode char U+201A (decimal 8218)
   defining Unicode char U+201C (decimal 8220)
   defining Unicode char U+201D (decimal 8221)
   defining Unicode char U+201E (decimal 8222)
   defining Unicode char U+2030 (decimal 8240)
   defining Unicode char U+2031 (decimal 8241)
   defining Unicode char U+2039 (decimal 8249)
   defining Unicode char U+203A (decimal 8250)
   defining Unicode char U+2423 (decimal 9251)
)
Now handling font encoding OT1 ...
... processing UTF-8 mapping file for font encoding OT1

("C:\Program Files\MiKTeX 2.9\tex\latex\base\ot1enc.dfu"
File: ot1enc.dfu 2008/04/05 v1.1m UTF-8 support for inputenc
   defining Unicode char U+00A1 (decimal 161)
   defining Unicode char U+00A3 (decimal 163)
   defining Unicode char U+00B8 (decimal 184)
   defining Unicode char U+00BF (decimal 191)
   defining Unicode char U+00C5 (decimal 197)
   defining Unicode char U+00C6 (decimal 198)
   defining Unicode char U+00D8 (decimal 216)
   defining Unicode char U+00DF (decimal 223)
   defining Unicode char U+00E6 (decimal 230)
   defining Unicode char U+00EC (decimal 236)
   defining Unicode char U+00ED (decimal 237)
   defining Unicode char U+00EE (decimal 238)
   defining Unicode char U+00EF (decimal 239)
   defining Unicode char U+00F8 (decimal 248)
   defining Unicode char U+0131 (decimal 305)
   defining Unicode char U+0141 (decimal 321)
   defining Unicode char U+0142 (decimal 322)
   defining Unicode char U+0152 (decimal 338)
   defining Unicode char U+0153 (decimal 339)
   defining Unicode char U+2013 (decimal 8211)
   defining Unicode char U+2014 (decimal 8212)
   defining Unicode char U+2018 (decimal 8216)
   defining Unicode char U+2019 (decimal 8217)
   defining Unicode char U+201C (decimal 8220)
   defining Unicode char U+201D (decimal 8221)
)
Now handling font encoding OMS ...
... processing UTF-8 mapping file for font encoding OMS

("C:\Program Files\MiKTeX 2.9\tex\latex\base\omsenc.dfu"
File: omsenc.dfu 2008/04/05 v1.1m UTF-8 support for inputenc
   defining Unicode char U+00A7 (decimal 167)
   defining Unicode char U+00B6 (decimal 182)
   defining Unicode char U+00B7 (decimal 183)
   defining Unicode char U+2020 (decimal 8224)
   defining Unicode char U+2021 (decimal 8225)
   defining Unicode char U+2022 (decimal 8226)
)
Now handling font encoding OMX ...
... no UTF-8 mapping file for font encoding OMX
Now handling font encoding U ...
... no UTF-8 mapping file for font encoding U
Now handling font encoding PD1 ...
... no UTF-8 mapping file for font encoding PD1
   defining Unicode char U+00A9 (decimal 169)
   defining Unicode char U+00AA (decimal 170)
   defining Unicode char U+00AE (decimal 174)
   defining Unicode char U+00BA (decimal 186)
   defining Unicode char U+02C6 (decimal 710)
   defining Unicode char U+02DC (decimal 732)
   defining Unicode char U+200C (decimal 8204)
   defining Unicode char U+2026 (decimal 8230)
   defining Unicode char U+2122 (decimal 8482)
   defining Unicode char U+2423 (decimal 9251)
))
("C:\Program Files\MiKTeX 2.9\tex\generic\babel\babel.sty"
Package: babel 2008/07/08 v3.8m The Babel package

*************************************
* Local config file bblopts.cfg used
*
("C:\Program Files\MiKTeX 2.9\tex\latex\00miktex\bblopts.cfg"
File: bblopts.cfg 2006/07/31 v1.0 MiKTeX 'babel' configuration
)
("C:\Program Files\MiKTeX 2.9\tex\generic\babel\portuges.ldf"
Language: portuges 2008/03/18 v1.2q Portuguese support from the babel system

("C:\Program Files\MiKTeX 2.9\tex\generic\babel\babel.def"
File: babel.def 2008/07/08 v3.8m Babel common definitions
LaTeX Info: Redefining \textlatin on input line 82.
\babel@savecnt=\count153
\U@D=\dimen188
)
Package babel Info: Making " an active character on input line 145.
))
("C:\Program Files\MiKTeX 2.9\tex\latex\oberdiek\epstopdf.sty"
Package: epstopdf 2010/02/09 v2.5 Conversion with epstopdf on the fly (HO)

("C:\Program Files\MiKTeX 2.9\tex\latex\oberdiek\epstopdf-base.sty"
Package: epstopdf-base 2010/02/09 v2.5 Base part for package epstopdf

("C:\Program Files\MiKTeX 2.9\tex\latex\oberdiek\grfext.sty"
Package: grfext 2010/08/19 v1.1 Manage graphics extensions (HO)
)
Package grfext Info: Graphics extension search list:
(grfext)             [.png,.pdf,.jpg,.mps,.jpeg,.jbig2,.jb2,.PNG,.PDF,.JPG,.JPE
G,.JBIG2,.JB2,.eps]
(grfext)             \AppendGraphicsExtensions on input line 452.
))
("C:\Program Files\MiKTeX 2.9\tex\latex\tools\multicol.sty"
Package: multicol 2011/06/27 v1.7a multicolumn formatting (FMi)
\c@tracingmulticols=\count154
\mult@box=\box53
\multicol@leftmargin=\dimen189
\c@unbalance=\count155
\c@collectmore=\count156
\doublecol@number=\count157
\multicoltolerance=\count158
\multicolpretolerance=\count159
\full@width=\dimen190
\page@free=\dimen191
\premulticols=\dimen192
\postmulticols=\dimen193
\multicolsep=\skip57
\multicolbaselineskip=\skip58
\partial@page=\box54
\last@line=\box55
\mult@rightbox=\box56
\mult@grightbox=\box57
\mult@gfirstbox=\box58
\mult@firstbox=\box59
\@tempa=\box60
\@tempa=\box61
\@tempa=\box62
\@tempa=\box63
\@tempa=\box64
\@tempa=\box65
\@tempa=\box66
\@tempa=\box67
\@tempa=\box68
\@tempa=\box69
\@tempa=\box70
\@tempa=\box71
\@tempa=\box72
\@tempa=\box73
\@tempa=\box74
\@tempa=\box75
\@tempa=\box76
\c@columnbadness=\count160
\c@finalcolumnbadness=\count161
\last@try=\dimen194
\multicolovershoot=\dimen195
\multicolundershoot=\dimen196
\mult@nat@firstbox=\box77
\colbreak@box=\box78
\multicol@sort@counter=\count162
)
("C:\Program Files\MiKTeX 2.9\tex\latex\multirow\multirow.sty"
\bigstrutjot=\dimen197
)
("C:\Program Files\MiKTeX 2.9\tex\latex\dstroke\dsfont.sty"
Package: dsfont 1995/08/01 v0.1 Double stroke roman fonts
)
("C:\Program Files\MiKTeX 2.9\tex\latex\subfig\subfig.sty"
Package: subfig 2005/06/28 ver: 1.3 subfig package

("C:\Program Files\MiKTeX 2.9\tex\latex\caption\caption.sty"
Package: caption 2013/05/02 v3.3-89 Customizing captions (AR)

("C:\Program Files\MiKTeX 2.9\tex\latex\caption\caption3.sty"
Package: caption3 2013/05/02 v1.6-88 caption3 kernel (AR)
Package caption3 Info: TeX engine: e-TeX on input line 57.
\captionmargin=\dimen198
\captionmargin@=\dimen199
\captionwidth=\dimen200
\caption@tempdima=\dimen201
\caption@indent=\dimen202
\caption@parindent=\dimen203
\caption@hangindent=\dimen204
)
\c@ContinuedFloat=\count163
Package caption Info: beamer document class.
Package caption Info: hyperref package is loaded.
Package caption Info: Hyperref support is turned off
(caption)             because hyperref has stopped early.
)
\c@KVtest=\count164
\sf@farskip=\skip59
\sf@captopadj=\dimen205
\sf@capskip=\skip60
\sf@nearskip=\skip61
\c@subfigure=\count165
\c@subfigure@save=\count166
\c@depth=\count167
\c@subtable=\count168
\c@subtable@save=\count169
\sf@top=\skip62
\sf@bottom=\skip63
)
("C:\Program Files\MiKTeX 2.9\tex\latex\etoolbox\etoolbox.sty"
Package: etoolbox 2011/01/03 v2.1 e-TeX tools for LaTeX

("C:\Program Files\MiKTeX 2.9\tex\latex\misc\etex.sty"
Package: etex 1998/03/26 v2.0 eTeX basic definition package (PEB)
\et@xins=\count170
)
\etb@tempcnta=\count171
)
("C:\Program Files\MiKTeX 2.9\tex\latex\ms\ragged2e.sty"
Package: ragged2e 2009/05/21 v2.1 ragged2e Package (MS)

("C:\Program Files\MiKTeX 2.9\tex\latex\ms\everysel.sty"
Package: everysel 2011/10/28 v1.2 EverySelectfont Package (MS)
)
\CenteringLeftskip=\skip64
\RaggedLeftLeftskip=\skip65
\RaggedRightLeftskip=\skip66
\CenteringRightskip=\skip67
\RaggedLeftRightskip=\skip68
\RaggedRightRightskip=\skip69
\CenteringParfillskip=\skip70
\RaggedLeftParfillskip=\skip71
\RaggedRightParfillskip=\skip72
\JustifyingParfillskip=\skip73
\CenteringParindent=\skip74
\RaggedLeftParindent=\skip75
\RaggedRightParindent=\skip76
\JustifyingParindent=\skip77
)
("C:\Program Files\MiKTeX 2.9\tex\latex\mh\mathtools.sty"
Package: mathtools 2013/02/12 v1.13 mathematical typesetting tools

("C:\Program Files\MiKTeX 2.9\tex\latex\tools\calc.sty"
Package: calc 2007/08/22 v4.3 Infix arithmetic (KKT,FJ)
\calc@Acount=\count172
\calc@Bcount=\count173
\calc@Adimen=\dimen206
\calc@Bdimen=\dimen207
\calc@Askip=\skip78
\calc@Bskip=\skip79
LaTeX Info: Redefining \setlength on input line 76.
LaTeX Info: Redefining \addtolength on input line 77.
\calc@Ccount=\count174
\calc@Cskip=\skip80
)
("C:\Program Files\MiKTeX 2.9\tex\latex\mh\mhsetup.sty"
Package: mhsetup 2010/01/21 v1.2a programming setup (MH)
)
LaTeX Info: Thecontrolsequence`\['isalreadyrobust on input line 129.
LaTeX Info: Thecontrolsequence`\]'isalreadyrobust on input line 129.
\g_MT_multlinerow_int=\count175
\l_MT_multwidth_dim=\dimen208
\origjot=\skip81
\l_MT_shortvdotswithinadjustabove_dim=\dimen209
\l_MT_shortvdotswithinadjustbelow_dim=\dimen210
\l_MT_above_intertext_sep=\dimen211
\l_MT_below_intertext_sep=\dimen212
\l_MT_above_shortintertext_sep=\dimen213
\l_MT_below_shortintertext_sep=\dimen214
)
("C:\Program Files\MiKTeX 2.9\tex\latex\tabu\tabu.sty"
Package: tabu 2011/02/26 v2.8 - flexible LaTeX tabulars (FC)

("C:\Program Files\MiKTeX 2.9\tex\latex\tools\array.sty"
Package: array 2008/09/09 v2.4c Tabular extension package (FMi)
\col@sep=\dimen215
\extrarowheight=\dimen216
\NC@list=\toks45
\extratabsurround=\skip82
\backup@length=\skip83
)
("C:\Program Files\MiKTeX 2.9\tex\latex\ltxmisc\varwidth.sty"
Package: varwidth 2009/03/30 ver 0.92;  Variable-width minipages
\@vwid@box=\box79
\sift@deathcycles=\count176
\@vwid@loff=\dimen217
\@vwid@roff=\dimen218
)
\c@taburow=\count177
\tabu@nbcols=\count178
\tabu@cnt=\count179
\tabu@Xcol=\count180
\tabu@alloc=\count181
\tabu@nested=\count182
\tabu@target=\dimen219
\tabu@spreadtarget=\dimen220
\tabu@naturalX=\dimen221
\tabucolX=\dimen222
\tabu@Xsum=\dimen223
\extrarowdepth=\dimen224
\abovetabulinesep=\dimen225
\belowtabulinesep=\dimen226
\tabustrutrule=\dimen227
\tabu@thebody=\toks46
\tabu@footnotes=\toks47
\tabu@box=\box80
\tabu@arstrutbox=\box81
\tabu@hleads=\box82
\tabu@vleads=\box83
\tabu@cellskip=\skip84
)
("C:\Program Files\MiKTeX 2.9\tex\latex\shipunov\boldline.sty"
Package: boldline 2008/02/04 v0.2 Adjust line width in tables


Package array Warning: Column V is already defined on input line 9.

) ("C:\Program Files\MiKTeX 2.9\tex\latex\textpos\textpos.sty"
Package: textpos 2014/01/03 v1.7j

Package: textpos 2014/01/03 1.7j, absolute positioning of text on the page
\TP@textbox=\box84
\TPHorizModule=\dimen228
\TPVertModule=\dimen229
\TP@margin=\dimen230
\TP@absmargin=\dimen231
Grid set 16 x 16 = 28.45274pt x 16.00467pt
\TPboxrulesize=\dimen232
\TP@tbargs=\toks48
\TP@prevdepth=\dimen233
) ("C:\Program Files\MiKTeX 2.9\tex\latex\setspace\setspace.sty"
Package: setspace 2011/12/19 v6.7a set line spacing
)
("C:\Program Files\MiKTeX 2.9\tex\latex\pgf\frontendlayer\tikz.sty"
("C:\Program Files\MiKTeX 2.9\tex\latex\pgf\basiclayer\pgf.sty"
Package: pgf 2013/12/18 v3.0.0 (rcs-revision 1.14)

("C:\Program Files\MiKTeX 2.9\tex\generic\pgf\modules\pgfmoduleshapes.code.tex"
File: pgfmoduleshapes.code.tex 2013/10/31  (rcs-revision 1.34)
\pgfnodeparttextbox=\box85
) ("C:\Program Files\MiKTeX 2.9\tex\generic\pgf\modules\pgfmoduleplot.code.tex"
File: pgfmoduleplot.code.tex 2013/07/31  (rcs-revision 1.12)
)
("C:\Program Files\MiKTeX 2.9\tex\latex\pgf\compatibility\pgfcomp-version-0-65.
sty"
Package: pgfcomp-version-0-65 2007/07/03 v3.0.0 (rcs-revision 1.7)
Normal \dimen register pool exhausted, switching to extended pool.
\pgf@nodesepstart=\dimen256
\pgf@nodesepend=\dimen257
)
("C:\Program Files\MiKTeX 2.9\tex\latex\pgf\compatibility\pgfcomp-version-1-18.
sty"
Package: pgfcomp-version-1-18 2007/07/23 v3.0.0 (rcs-revision 1.1)
)) ("C:\Program Files\MiKTeX 2.9\tex\latex\pgf\utilities\pgffor.sty"
("C:\Program Files\MiKTeX 2.9\tex\latex\pgf\utilities\pgfkeys.sty"
("C:\Program Files\MiKTeX 2.9\tex\generic\pgf\utilities\pgfkeys.code.tex"))
("C:\Program Files\MiKTeX 2.9\tex\latex\pgf\math\pgfmath.sty"
("C:\Program Files\MiKTeX 2.9\tex\generic\pgf\math\pgfmath.code.tex"))
("C:\Program Files\MiKTeX 2.9\tex\generic\pgf\utilities\pgffor.code.tex"
Package: pgffor 2013/12/13 v3.0.0 (rcs-revision 1.25)

("C:\Program Files\MiKTeX 2.9\tex\generic\pgf\math\pgfmath.code.tex")
\pgffor@iter=\dimen258
\pgffor@skip=\dimen259
\pgffor@stack=\toks49
\pgffor@toks=\toks50
))
("C:\Program Files\MiKTeX 2.9\tex\generic\pgf\frontendlayer\tikz\tikz.code.tex"
Package: tikz 2013/12/13 v3.0.0 (rcs-revision 1.142)

("C:\Program Files\MiKTeX 2.9\tex\generic\pgf\libraries\pgflibraryplothandlers.
code.tex"
File: pgflibraryplothandlers.code.tex 2013/08/31 v3.0.0 (rcs-revision 1.20)
\pgf@plot@mark@count=\count183
\pgfplotmarksize=\dimen260
)
\tikz@lastx=\dimen261
\tikz@lasty=\dimen262
\tikz@lastxsaved=\dimen263
\tikz@lastysaved=\dimen264
\tikzleveldistance=\dimen265
\tikzsiblingdistance=\dimen266
\tikz@figbox=\box86
\tikz@figbox@bg=\box87
\tikz@tempbox=\box88
\tikz@tempbox@bg=\box89
\tikztreelevel=\count184
\tikznumberofchildren=\count185
\tikznumberofcurrentchild=\count186
\tikz@fig@count=\count187

("C:\Program Files\MiKTeX 2.9\tex\generic\pgf\modules\pgfmodulematrix.code.tex"
File: pgfmodulematrix.code.tex 2013/09/17  (rcs-revision 1.8)
\pgfmatrixcurrentrow=\count188
\pgfmatrixcurrentcolumn=\count189
\pgf@matrix@numberofcolumns=\count190
)
\tikz@expandcount=\count191

("C:\Program Files\MiKTeX 2.9\tex\generic\pgf\frontendlayer\tikz\libraries\tikz
librarytopaths.code.tex"
File: tikzlibrarytopaths.code.tex 2008/06/17 v3.0.0 (rcs-revision 1.2)
)))
("C:\Program Files\MiKTeX 2.9\tex\generic\pgf\frontendlayer\tikz\libraries\tikz
libraryarrows.code.tex"
File: tikzlibraryarrows.code.tex 2008/01/09 v3.0.0 (rcs-revision 1.1)

("C:\Program Files\MiKTeX 2.9\tex\generic\pgf\libraries\pgflibraryarrows.code.t
ex"
File: pgflibraryarrows.code.tex 2013/09/23 v3.0.0 (rcs-revision 1.16)
\arrowsize=\dimen267
))
("C:\Program Files\MiKTeX 2.9\tex\generic\pgf\frontendlayer\tikz\libraries\tikz
libraryshapes.code.tex"
File: tikzlibraryshapes.code.tex 2008/01/09 v3.0.0 (rcs-revision 1.1)

("C:\Program Files\MiKTeX 2.9\tex\generic\pgf\frontendlayer\tikz\libraries\tikz
libraryshapes.geometric.code.tex"
File: tikzlibraryshapes.geometric.code.tex 2008/01/09 v3.0.0 (rcs-revision 1.1)


("C:\Program Files\MiKTeX 2.9\tex\generic\pgf\libraries\shapes\pgflibraryshapes
.geometric.code.tex"
File: pgflibraryshapes.geometric.code.tex 2008/06/26 v3.0.0 (rcs-revision 1.1)
))
("C:\Program Files\MiKTeX 2.9\tex\generic\pgf\frontendlayer\tikz\libraries\tikz
libraryshapes.misc.code.tex"
File: tikzlibraryshapes.misc.code.tex 2008/01/09 v3.0.0 (rcs-revision 1.1)

("C:\Program Files\MiKTeX 2.9\tex\generic\pgf\libraries\shapes\pgflibraryshapes
.misc.code.tex"
File: pgflibraryshapes.misc.code.tex 2013/07/18 v3.0.0 (rcs-revision 1.5)
))
("C:\Program Files\MiKTeX 2.9\tex\generic\pgf\frontendlayer\tikz\libraries\tikz
libraryshapes.symbols.code.tex"
File: tikzlibraryshapes.symbols.code.tex 2008/01/09 v3.0.0 (rcs-revision 1.1)

("C:\Program Files\MiKTeX 2.9\tex\generic\pgf\libraries\shapes\pgflibraryshapes
.symbols.code.tex"
File: pgflibraryshapes.symbols.code.tex 2013/09/11 v3.0.0 (rcs-revision 1.6)
))
("C:\Program Files\MiKTeX 2.9\tex\generic\pgf\frontendlayer\tikz\libraries\tikz
libraryshapes.arrows.code.tex"
File: tikzlibraryshapes.arrows.code.tex 2008/01/09 v3.0.0 (rcs-revision 1.1)

("C:\Program Files\MiKTeX 2.9\tex\generic\pgf\libraries\shapes\pgflibraryshapes
.arrows.code.tex"
File: pgflibraryshapes.arrows.code.tex 2008/06/26 v3.0.0 (rcs-revision 1.1)
))
("C:\Program Files\MiKTeX 2.9\tex\generic\pgf\frontendlayer\tikz\libraries\tikz
libraryshapes.callouts.code.tex"
("C:\Program Files\MiKTeX 2.9\tex\generic\pgf\libraries\shapes\pgflibraryshapes
.callouts.code.tex"))
("C:\Program Files\MiKTeX 2.9\tex\generic\pgf\frontendlayer\tikz\libraries\tikz
libraryshapes.multipart.code.tex"
File: tikzlibraryshapes.multipart.code.tex 2008/01/09 v3.0.0 (rcs-revision 1.1)


("C:\Program Files\MiKTeX 2.9\tex\generic\pgf\libraries\shapes\pgflibraryshapes
.multipart.code.tex"
File: pgflibraryshapes.multipart.code.tex 2010/01/07 v3.0.0 (rcs-revision 1.2)
\pgfnodepartlowerbox=\box90
\pgfnodeparttwobox=\box91
\pgfnodepartthreebox=\box92
\pgfnodepartfourbox=\box93
\pgfnodeparttwentybox=\box94
\pgfnodepartnineteenbox=\box95
\pgfnodeparteighteenbox=\box96
\pgfnodepartseventeenbox=\box97
\pgfnodepartsixteenbox=\box98
\pgfnodepartfifteenbox=\box99
\pgfnodepartfourteenbox=\box100
\pgfnodepartthirteenbox=\box101
\pgfnodeparttwelvebox=\box102
\pgfnodepartelevenbox=\box103
\pgfnodeparttenbox=\box104
\pgfnodepartninebox=\box105
\pgfnodeparteightbox=\box106
\pgfnodepartsevenbox=\box107
\pgfnodepartsixbox=\box108
\pgfnodepartfivebox=\box109
)))
("C:\Program Files\MiKTeX 2.9\tex\latex\circuitikz\circuitikz.sty"
Package: circuitikz 2012/12/29 The CircuiTikz circuit drawing package version 0
.3.0

("C:\Program Files\MiKTeX 2.9\tex\generic\pgf\frontendlayer\tikz\libraries\tikz
librarycalc.code.tex"
File: tikzlibrarycalc.code.tex 2013/07/15 v3.0.0 (rcs-revision 1.9)
)
("C:\Program Files\MiKTeX 2.9\tex\generic\pgf\libraries\decorations\pgflibraryd
ecorations.pathmorphing.code.tex"
("C:\Program Files\MiKTeX 2.9\tex\generic\pgf\modules\pgfmoduledecorations.code
.tex"
\pgfdecoratedcompleteddistance=\dimen268
\pgfdecoratedremainingdistance=\dimen269
\pgfdecoratedinputsegmentcompleteddistance=\dimen270
\pgfdecoratedinputsegmentremainingdistance=\dimen271
\pgf@decorate@distancetomove=\dimen272
\pgf@decorate@repeatstate=\count192
\pgfdecorationsegmentamplitude=\dimen273
\pgfdecorationsegmentlength=\dimen274
)) ("C:\Program Files\MiKTeX 2.9\tex\latex\circuitikz\circuitikz.code.tex"
\pgf@circ@Rlen=\dimen275
("C:\Program Files\MiKTeX 2.9\tex\latex\circuitikz\pgfcircutils.sty")
("C:\Program Files\MiKTeX 2.9\tex\latex\circuitikz\pgfcircmath.sty")
("C:\Program Files\MiKTeX 2.9\tex\latex\circuitikz\pgfcircshapes.sty")
("C:\Program Files\MiKTeX 2.9\tex\latex\circuitikz\pgfcircmonopoles.sty")
("C:\Program Files\MiKTeX 2.9\tex\latex\circuitikz\pgfcircbipoles.sty")
("C:\Program Files\MiKTeX 2.9\tex\latex\circuitikz\pgfcirctripoles.sty")
("C:\Program Files\MiKTeX 2.9\tex\latex\circuitikz\pgfcircquadpoles.sty")
("C:\Program Files\MiKTeX 2.9\tex\latex\circuitikz\pgfcirclabel.sty")
("C:\Program Files\MiKTeX 2.9\tex\latex\circuitikz\pgfcircvoltage.sty")
("C:\Program Files\MiKTeX 2.9\tex\latex\circuitikz\pgfcirccurrent.sty"))
("C:\Program Files\MiKTeX 2.9\tex\latex\circuitikz\circuitikz1.code.tex"
\pgf@circ@res@up=\dimen276
\pgf@circ@res@down=\dimen277
\pgf@circ@res@zero=\dimen278
\pgf@circ@res@left=\dimen279
\pgf@circ@res@right=\dimen280
\pgf@circ@res@other=\dimen281
\pgf@circ@res@step=\dimen282
\pgfstartlinewidth=\dimen283
))
("C:\Program Files\MiKTeX 2.9\tex\latex\arydshln\arydshln.sty"
Package: arydshln 2004/08/31 v1.71 
\dashlinedash=\dimen284
\dashlinegap=\dimen285
\adl@box=\box110
\adl@height=\dimen286
\adl@heightsave=\dimen287
\adl@depth=\dimen288
\adl@depthsave=\dimen289
\adl@finaldepth=\dimen290
\adl@columns=\count193
\adl@ncol=\count194
\adl@currentcolumn=\count195
\adl@currentcolumnsave=\count196
\adl@totalheight=\count197
\adl@totalheightsave=\count198
\adl@dash=\count199
\adl@gap=\count200
\adl@cla=\count201
\adl@clb=\count202
\adl@everyvbox=\toks51
\adl@LTpagetotal=\dimen291
)
("C:\Program Files\MiKTeX 2.9\tex\generic\genmisc\mathdots.sty"
Package: mathdots 2004/07/02 version 0.6.
\MD@unit=\dimen292
LaTeX Info: Redefining \ddots on input line 120.
LaTeX Info: Redefining \vdots on input line 122.


Package Mathdots Warning: Redefining amsmath commands \dddot and \ddddot.

LaTeX Info: Redefining \dddot on input line 145.
LaTeX Info: Redefining \ddddot on input line 145.
) ("C:\Program Files\MiKTeX 2.9\tex\latex\marvosym\marvosym.sty"
Package: marvosym 2011/07/20 v2.2 Martin Vogel's Symbols font definitions
)
("C:\Program Files\MiKTeX 2.9\tex\latex\beamer\base\themes\font\beamerfonttheme
serif.sty"
Package: beamerfontthemeserif 2010/06/17  (rcs-revision d02a7cf4d8ae)
) ("C:\Program Files\MiKTeX 2.9\tex\latex\eso-pic\eso-pic.sty"
Package: eso-pic 2013/10/06 v2.0d eso-pic (RN)
))
(C:\Users\cleit\Documents\GitHub\PSCAD-Minicurso\APRESENTACAO-TEX\CMFconfigSlid
es.sty
Package: CMFconfigSlides 
)
Package hyperref Info: Option `colorlinks' set `true' on input line 43.


Package hyperref Warning: Option `bookmarks' has already been used,
(hyperref)                setting the option has no effect on input line 43.


("C:\Users\cleit\Documents\GitHub\PSCAD-Minicurso\APRESENTACAO-TEX\build\Slides
 - Minicurso PSCAD.aux"
(C:\Users\cleit\Documents\GitHub\PSCAD-Minicurso\APRESENTACAO-TEX\build\Minicur
so-Visao-Geral.aux)
(C:\Users\cleit\Documents\GitHub\PSCAD-Minicurso\APRESENTACAO-TEX\build\Minicur
so-Primeiros-Passos.aux)
(C:\Users\cleit\Documents\GitHub\PSCAD-Minicurso\APRESENTACAO-TEX\build\Minicur
so-Visualizacao-resultados.aux)
(C:\Users\cleit\Documents\GitHub\PSCAD-Minicurso\APRESENTACAO-TEX\build\Minicur
so-Segundo-Circuito.aux)
(C:\Users\cleit\Documents\GitHub\PSCAD-Minicurso\APRESENTACAO-TEX\build\Minicur
so-Exportando-Dados.aux)
(C:\Users\cleit\Documents\GitHub\PSCAD-Minicurso\APRESENTACAO-TEX\build\Minicur
so-Automacao-Simulacao.aux))
LaTeX Font Info:    Checking defaults for OML/cmm/m/it on input line 68.
LaTeX Font Info:    ... okay on input line 68.
LaTeX Font Info:    Checking defaults for T1/cmr/m/n on input line 68.
LaTeX Font Info:    ... okay on input line 68.
LaTeX Font Info:    Checking defaults for OT1/cmr/m/n on input line 68.
LaTeX Font Info:    ... okay on input line 68.
LaTeX Font Info:    Checking defaults for OMS/cmsy/m/n on input line 68.
LaTeX Font Info:    ... okay on input line 68.
LaTeX Font Info:    Checking defaults for OMX/cmex/m/n on input line 68.
LaTeX Font Info:    ... okay on input line 68.
LaTeX Font Info:    Checking defaults for U/cmr/m/n on input line 68.
LaTeX Font Info:    ... okay on input line 68.
LaTeX Font Info:    Checking defaults for PD1/pdf/m/n on input line 68.
LaTeX Font Info:    ... okay on input line 68.

*geometry* driver: auto-detecting
*geometry* detected driver: pdftex
*geometry* verbose mode - [ preamble ] result:
* driver: pdftex
* paper: custom
* layout: <same size as paper>
* layoutoffset:(h,v)=(0.0pt,0.0pt)
* modes: includehead includefoot 
* h-part:(L,W,R)=(11.74988pt, 431.74432pt, 11.74988pt)
* v-part:(T,H,B)=(0.0pt, 256.0748pt, 0.0pt)
* \paperwidth=455.24408pt
* \paperheight=256.0748pt
* \textwidth=431.74432pt
* \textheight=227.62207pt
* \oddsidemargin=-60.52011pt
* \evensidemargin=-60.52011pt
* \topmargin=-72.26999pt
* \headheight=14.22636pt
* \headsep=0.0pt
* \topskip=12.0pt
* \footskip=14.22636pt
* \marginparwidth=4.0pt
* \marginparsep=10.0pt
* \columnsep=10.0pt
* \skip\footins=10.8pt plus 4.0pt minus 2.0pt
* \hoffset=0.0pt
* \voffset=0.0pt
* \mag=1000
* \@twocolumnfalse
* \@twosidefalse
* \@mparswitchfalse
* \@reversemarginfalse
* (1in=72.27pt=25.4mm, 1cm=28.453pt)

("C:\Program Files\MiKTeX 2.9\tex\context\base\supp-pdf.mkii"
[Loading MPS to PDF converter (version 2006.09.02).]
\scratchcounter=\count203
\scratchdimen=\dimen293
\scratchbox=\box111
\nofMPsegments=\count204
\nofMParguments=\count205
\everyMPshowfont=\toks52
\MPscratchCnt=\count206
\MPscratchDim=\dimen294
\MPnumerator=\count207
\makeMPintoPDFobject=\count208
\everyMPtoPDFconversion=\toks53
) ABD: EveryShipout initializing macros
\AtBeginShipoutBox=\box112
Package hyperref Info: Link coloring ON on input line 68.

("C:\Program Files\MiKTeX 2.9\tex\latex\hyperref\nameref.sty"
Package: nameref 2012/10/27 v2.43 Cross-referencing by name of section

("C:\Program Files\MiKTeX 2.9\tex\generic\oberdiek\gettitlestring.sty"
Package: gettitlestring 2010/12/03 v1.4 Cleanup title references (HO)
)
\c@section@level=\count209
)
LaTeX Info: Redefining \ref on input line 68.
LaTeX Info: Redefining \pageref on input line 68.
LaTeX Info: Redefining \nameref on input line 68.

("C:\Users\cleit\Documents\GitHub\PSCAD-Minicurso\APRESENTACAO-TEX\build\Slides
 - Minicurso PSCAD.out")
("C:\Users\cleit\Documents\GitHub\PSCAD-Minicurso\APRESENTACAO-TEX\build\Slides
 - Minicurso PSCAD.out")
\@outlinefile=\write5

("C:\Program Files\MiKTeX 2.9\tex\latex\beamer\base\translator\dicts\translator
-basic-dictionary\translator-basic-dictionary-English.dict"
Dictionary: translator-basic-dictionary, Language: English 
)
("C:\Program Files\MiKTeX 2.9\tex\latex\beamer\base\translator\dicts\translator
-bibliography-dictionary\translator-bibliography-dictionary-English.dict"
Dictionary: translator-bibliography-dictionary, Language: English 
)
("C:\Program Files\MiKTeX 2.9\tex\latex\beamer\base\translator\dicts\translator
-environment-dictionary\translator-environment-dictionary-English.dict"
Dictionary: translator-environment-dictionary, Language: English 
)
("C:\Program Files\MiKTeX 2.9\tex\latex\beamer\base\translator\dicts\translator
-months-dictionary\translator-months-dictionary-English.dict"
Dictionary: translator-months-dictionary, Language: English 
)
("C:\Program Files\MiKTeX 2.9\tex\latex\beamer\base\translator\dicts\translator
-numbers-dictionary\translator-numbers-dictionary-English.dict"
Dictionary: translator-numbers-dictionary, Language: English 
)
("C:\Program Files\MiKTeX 2.9\tex\latex\beamer\base\translator\dicts\translator
-theorem-dictionary\translator-theorem-dictionary-English.dict"
Dictionary: translator-theorem-dictionary, Language: English 
)
LaTeX Info: Redefining \includegraphics on input line 68.
Package caption Info: Begin \AtBeginDocument code.
Package caption Info: subfig package v1.3 is loaded.
Package caption Info: Incompatible package detected (regarding \caption).
(caption)             \caption = macro:->\ifx \@captype \@undefined \@latex@err
or {\noexpand \caption outside figure or table}\@ehd \expandafter \@gobble \els
e \refstepcounter \@captype \expandafter \@firstofone \fi {\@dblarg {\@caption 
\@captype }}.


Package caption Warning: \caption will not be redefined since it's already
(caption)                redefined by a document class or package which is
(caption)                unknown to the caption package.
See the caption package documentation for explanation.

Package caption Info: End \AtBeginDocument code.
ABD: EverySelectfont initializing macros
LaTeX Info: Redefining \selectfont on input line 68.

("C:\Users\cleit\Documents\GitHub\PSCAD-Minicurso\APRESENTACAO-TEX\build\Slides
 - Minicurso PSCAD.nav")
<./logos/logomarca-uerj.png, id=47, 429.605pt x 429.605pt>
File: ./logos/logomarca-uerj.png Graphic file (type png)

<use ./logos/logomarca-uerj.png>
Package pdftex.def Info: ./logos/logomarca-uerj.png used on input line 73.
(pdftex.def)             Requested size: 64.759pt x 64.75917pt.

<./logos/fundo_tese.png, id=49, 1204.5pt x 677.53125pt>
File: ./logos/fundo_tese.png Graphic file (type png)

<use ./logos/fundo_tese.png>
Package pdftex.def Info: ./logos/fundo_tese.png used on input line 73.
(pdftex.def)             Requested size: 455.25195pt x 256.07921pt.


LaTeX Font Warning: Font shape `OT1/cmss/m/n' in size <4> not available
(Font)              size <5> substituted on input line 73.

[1

{C:/ProgramData/MiKTeX/2.9/pdftex/config/pdftex.map} <C:/Users/cleit/Documents/
GitHub/PSCAD-Minicurso/APRESENTACAO-TEX/logos/fundo_tese.png> <C:/Users/cleit/D
ocuments/GitHub/PSCAD-Minicurso/APRESENTACAO-TEX/logos/logomarca-uerj.png>]
("C:\Users\cleit\Documents\GitHub\PSCAD-Minicurso\APRESENTACAO-TEX\build\Slides
 - Minicurso PSCAD.toc") [2

]
(C:\Users\cleit\Documents\GitHub\PSCAD-Minicurso\APRESENTACAO-TEX\Minicurso-Vis
ao-Geral.tex
File: ./logos/fundo_tese.png Graphic file (type png)
 <use ./logos/fundo_tese.png>
Package pdftex.def Info: ./logos/fundo_tese.png used on input line 1.
(pdftex.def)             Requested size: 455.25195pt x 256.07921pt.
 [3


])
(C:\Users\cleit\Documents\GitHub\PSCAD-Minicurso\APRESENTACAO-TEX\Minicurso-Pri
meiros-Passos.tex
File: ./logos/fundo_tese.png Graphic file (type png)
 <use ./logos/fundo_tese.png>
Package pdftex.def Info: ./logos/fundo_tese.png used on input line 1.
(pdftex.def)             Requested size: 455.25195pt x 256.07921pt.
 [4



]
LaTeX Font Info:    Try loading font information for U+msa on input line 24.

("C:\Program Files\MiKTeX 2.9\tex\latex\amsfonts\umsa.fd"
File: umsa.fd 2013/01/14 v3.01 AMS symbols A
)
LaTeX Font Info:    Try loading font information for U+msb on input line 24.

("C:\Program Files\MiKTeX 2.9\tex\latex\amsfonts\umsb.fd"
File: umsb.fd 2013/01/14 v3.01 AMS symbols B
)
<./figuras/Primeiros-Passos/login.pdf, id=95, 1058.44249pt x 748.30751pt>
File: ./figuras/Primeiros-Passos/login.pdf Graphic file (type pdf)

<use ./figuras/Primeiros-Passos/login.pdf>
Package pdftex.def Info: ./figuras/Primeiros-Passos/login.pdf used on input lin
e 24.
(pdftex.def)             Requested size: 241.77667pt x 170.93103pt.
 [5

 <C:/Users/cleit/Documents/GitHub/PSCAD-Minicurso/APRESENTACAO-TEX/figuras/Prim
eiros-Passos/login.pdf>]
<./figuras/Primeiros-Passos/tela_inicial.pdf, id=108, 1451.09058pt x 779.60553p
t>
File: ./figuras/Primeiros-Passos/tela_inicial.pdf Graphic file (type pdf)
 <use ./figuras/Primeiros-Passos/tela_inicial.pdf>
Package pdftex.def Info: ./figuras/Primeiros-Passos/tela_inicial.pdf used on in
put line 38.
(pdftex.def)             Requested size: 366.9853pt x 197.1611pt.
 [6

 <C:/Users/cleit/Documents/GitHub/PSCAD-Minicurso/APRESENTACAO-TEX/figuras/Prim
eiros-Passos/tela_inicial.pdf>]
<./figuras/Primeiros-Passos/biblioteca_master.pdf, id=119, 1126.7291pt x 648.72
281pt>
File: ./figuras/Primeiros-Passos/biblioteca_master.pdf Graphic file (type pdf)
 <use ./figuras/Primeiros-Passos/biblioteca_master.pdf>
Package pdftex.def Info: ./figuras/Primeiros-Passos/biblioteca_master.pdf used 
on input line 55.
(pdftex.def)             Requested size: 366.9853pt x 211.28775pt.

Overfull \vbox (2.61115pt too high) detected at line 55
 []

[7

 <C:/Users/cleit/Documents/GitHub/PSCAD-Minicurso/APRESENTACAO-TEX/figuras/Prim
eiros-Passos/biblioteca_master.pdf>]
<./figuras/Primeiros-Passos/biblioteca_parte.pdf, id=131, 1126.7291pt x 648.722
81pt>
File: ./figuras/Primeiros-Passos/biblioteca_parte.pdf Graphic file (type pdf)
 <use ./figuras/Primeiros-Passos/biblioteca_parte.pdf>
Package pdftex.def Info: ./figuras/Primeiros-Passos/biblioteca_parte.pdf used o
n input line 71.
(pdftex.def)             Requested size: 366.9853pt x 211.28775pt.

Overfull \vbox (2.61115pt too high) detected at line 71
 []

[8

 <C:/Users/cleit/Documents/GitHub/PSCAD-Minicurso/APRESENTACAO-TEX/figuras/Prim
eiros-Passos/biblioteca_parte.pdf>]
<./figuras/Primeiros-Passos/biblioteca_barra_components.pdf, id=153, 1445.4pt x
 102.42992pt>
File: ./figuras/Primeiros-Passos/biblioteca_barra_components.pdf Graphic file (
type pdf)
 <use ./figuras/Primeiros-Passos/biblioteca_barra_components.pdf>
Package pdftex.def Info: ./figuras/Primeiros-Passos/biblioteca_barra_components
.pdf used on input line 93.
(pdftex.def)             Requested size: 366.9853pt x 26.00597pt.

<./figuras/Primeiros-Passos/biblioteca_barra_models.pdf, id=154, 1445.4pt x 105
.27519pt>
File: ./figuras/Primeiros-Passos/biblioteca_barra_models.pdf Graphic file (type
 pdf)
 <use ./figuras/Primeiros-Passos/biblioteca_barra_models.pdf>
Package pdftex.def Info: ./figuras/Primeiros-Passos/biblioteca_barra_models.pdf
 used on input line 93.
(pdftex.def)             Requested size: 366.9853pt x 26.72835pt.
 [9

 <C:/Users/cleit/Documents/GitHub/PSCAD-Minicurso/APRESENTACAO-TEX/figuras/Prim
eiros-Passos/biblioteca_barra_components.pdf> <C:/Users/cleit/Documents/GitHub/
PSCAD-Minicurso/APRESENTACAO-TEX/figuras/Primeiros-Passos/biblioteca_barra_mode
ls.pdf

pdfTeX warning: pdflatex (file C:/Users/cleit/Documents/GitHub/PSCAD-Minicurso/
APRESENTACAO-TEX/figuras/Primeiros-Passos/biblioteca_barra_models.pdf): PDF inc
lusion: multiple pdfs with page group included in a single page
>] <./figuras/Primeiros-Passos/new_case.pdf, id=170, 480.85158pt x 418.2555pt>
File: ./figuras/Primeiros-Passos/new_case.pdf Graphic file (type pdf)

<use ./figuras/Primeiros-Passos/new_case.pdf>
Package pdftex.def Info: ./figuras/Primeiros-Passos/new_case.pdf used on input 
line 130.
(pdftex.def)             Requested size: 205.07788pt x 178.37848pt.
 [10

 <C:/Users/cleit/Documents/GitHub/PSCAD-Minicurso/APRESENTACAO-TEX/figuras/Prim
eiros-Passos/new_case.pdf>]
<./figuras/Primeiros-Passos/Project_parameters.pdf, id=185, 1448.24522pt x 105.
27519pt>
File: ./figuras/Primeiros-Passos/Project_parameters.pdf Graphic file (type pdf)

 <use ./figuras/Primeiros-Passos/Project_parameters.pdf>
Package pdftex.def Info: ./figuras/Primeiros-Passos/Project_parameters.pdf used
 on input line 158.
(pdftex.def)             Requested size: 410.15578pt x 29.81418pt.
 [11

 <C:/Users/cleit/Documents/GitHub/PSCAD-Minicurso/APRESENTACAO-TEX/figuras/Prim
eiros-Passos/Project_parameters.pdf>]
<./figuras/Primeiros-Passos/Sin_continuo.pdf, id=199, 518.6878pt x 336.50719pt>
File: ./figuras/Primeiros-Passos/Sin_continuo.pdf Graphic file (type pdf)
<use ./figuras/Primeiros-Passos/Sin_continuo.pdf>
Package pdftex.def Info: ./figuras/Primeiros-Passos/Sin_continuo.pdf used on in
put line 204.
(pdftex.def)             Requested size: 205.07788pt x 133.0498pt.
 [12

 <C:/Users/cleit/Documents/GitHub/PSCAD-Minicurso/APRESENTACAO-TEX/figuras/Prim
eiros-Passos/Sin_continuo.pdf>]
<./figuras/Primeiros-Passos/Sin_discreto1.pdf, id=230, 519.44063pt x 337.26pt>
File: ./figuras/Primeiros-Passos/Sin_discreto1.pdf Graphic file (type pdf)

<use ./figuras/Primeiros-Passos/Sin_discreto1.pdf>
Package pdftex.def Info: ./figuras/Primeiros-Passos/Sin_discreto1.pdf used on i
nput line 249.
(pdftex.def)             Requested size: 205.07788pt x 133.1519pt.
 [13

 <C:/Users/cleit/Documents/GitHub/PSCAD-Minicurso/APRESENTACAO-TEX/figuras/Prim
eiros-Passos/Sin_discreto1.pdf>]
<./figuras/Primeiros-Passos/Sin_discreto1_muito.pdf, id=269, 519.44063pt x 338.
01282pt>
File: ./figuras/Primeiros-Passos/Sin_discreto1_muito.pdf Graphic file (type pdf
)
 <use ./figuras/Primeiros-Passos/Sin_discreto1_muito.pdf>
Package pdftex.def Info: ./figuras/Primeiros-Passos/Sin_discreto1_muito.pdf use
d on input line 288.
(pdftex.def)             Requested size: 205.07788pt x 133.44911pt.

<./figuras/Primeiros-Passos/Sin_discreto1_pouco.pdf, id=270, 519.44063pt x 338.
01282pt>
File: ./figuras/Primeiros-Passos/Sin_discreto1_pouco.pdf Graphic file (type pdf
)
 <use ./figuras/Primeiros-Passos/Sin_discreto1_pouco.pdf>
Package pdftex.def Info: ./figuras/Primeiros-Passos/Sin_discreto1_pouco.pdf use
d on input line 288.
(pdftex.def)             Requested size: 205.07788pt x 133.44911pt.
 [14

 <C:/Users/cleit/Documents/GitHub/PSCAD-Minicurso/APRESENTACAO-TEX/figuras/Prim
eiros-Passos/Sin_discreto1_muito.pdf> <C:/Users/cleit/Documents/GitHub/PSCAD-Mi
nicurso/APRESENTACAO-TEX/figuras/Primeiros-Passos/Sin_discreto1_pouco.pdf

pdfTeX warning: pdflatex (file C:/Users/cleit/Documents/GitHub/PSCAD-Minicurso/
APRESENTACAO-TEX/figuras/Primeiros-Passos/Sin_discreto1_pouco.pdf): PDF inclusi
on: multiple pdfs with page group included in a single page
>] <./figuras/Primeiros-Passos/circuito1.pdf, id=336, 967.3937pt x 537.7571pt>
File: ./figuras/Primeiros-Passos/circuito1.pdf Graphic file (type pdf)

<use ./figuras/Primeiros-Passos/circuito1.pdf>
Package pdftex.def Info: ./figuras/Primeiros-Passos/circuito1.pdf used on input
 line 308.
(pdftex.def)             Requested size: 366.9853pt x 203.99698pt.
 [15

 <C:/Users/cleit/Documents/GitHub/PSCAD-Minicurso/APRESENTACAO-TEX/figuras/Prim
eiros-Passos/circuito1.pdf>]
<./figuras/Primeiros-Passos/circuito1_Config_componentes.pdf, id=367, 1010.0728
1pt x 312.98033pt>
File: ./figuras/Primeiros-Passos/circuito1_Config_componentes.pdf Graphic file 
(type pdf)

<use ./figuras/Primeiros-Passos/circuito1_Config_componentes.pdf>
Package pdftex.def Info: ./figuras/Primeiros-Passos/circuito1_Config_componente
s.pdf used on input line 326.
(pdftex.def)             Requested size: 366.9853pt x 113.71393pt.
 [16

 <C:/Users/cleit/Documents/GitHub/PSCAD-Minicurso/APRESENTACAO-TEX/figuras/Prim
eiros-Passos/circuito1_Config_componentes.pdf>]
<./figuras/Primeiros-Passos/circuito1_grafico.pdf, id=384, 711.31892pt x 347.12
363pt>
File: ./figuras/Primeiros-Passos/circuito1_grafico.pdf Graphic file (type pdf)
 <use ./figuras/Primeiros-Passos/circuito1_grafico.pdf>
Package pdftex.def Info: ./figuras/Primeiros-Passos/circuito1_grafico.pdf used 
on input line 343.
(pdftex.def)             Requested size: 366.9853pt x 179.08582pt.
 [17

 <C:/Users/cleit/Documents/GitHub/PSCAD-Minicurso/APRESENTACAO-TEX/figuras/Prim
eiros-Passos/circuito1_grafico.pdf>])
(C:\Users\cleit\Documents\GitHub\PSCAD-Minicurso\APRESENTACAO-TEX\Minicurso-Vis
ualizacao-resultados.tex
File: ./logos/fundo_tese.png Graphic file (type png)
 <use ./logos/fundo_tese.png>
Package pdftex.def Info: ./logos/fundo_tese.png used on input line 1.
(pdftex.def)             Requested size: 455.25195pt x 256.07921pt.
 [18



]
<./figuras/Visualizacao-resultados/graficos-Selecao.pdf, id=579, 586.12677pt x 
341.43306pt>
File: ./figuras/Visualizacao-resultados/graficos-Selecao.pdf Graphic file (type
 pdf)
 <use ./figuras/Visualizacao-resultados/graficos-Selecao.pdf>
Package pdftex.def Info: ./figuras/Visualizacao-resultados/graficos-Selecao.pdf
 used on input line 29.
(pdftex.def)             Requested size: 271.99588pt x 158.44171pt.

[19

 <C:/Users/cleit/Documents/GitHub/PSCAD-Minicurso/APRESENTACAO-TEX/figuras/Visu
alizacao-resultados/graficos-Selecao.pdf>]
<./figuras/Visualizacao-resultados/graficos-escalas.pdf, id=597, 850.73743pt x 
352.81418pt>
File: ./figuras/Visualizacao-resultados/graficos-escalas.pdf Graphic file (type
 pdf)
 <use ./figuras/Visualizacao-resultados/graficos-escalas.pdf>
Package pdftex.def Info: ./figuras/Visualizacao-resultados/graficos-escalas.pdf
 used on input line 60.
(pdftex.def)             Requested size: 271.99588pt x 112.80055pt.

[20

 <C:/Users/cleit/Documents/GitHub/PSCAD-Minicurso/APRESENTACAO-TEX/figuras/Visu
alizacao-resultados/graficos-escalas.pdf>] [21

]
<./figuras/Visualizacao-resultados/graficos-polygraph.pdf, id=620, 579.66562pt 
x 289.08pt>
File: ./figuras/Visualizacao-resultados/graficos-polygraph.pdf Graphic file (ty
pe pdf)
 <use ./figuras/Visualizacao-resultados/graficos-polygraph.pdf>
Package pdftex.def Info: ./figuras/Visualizacao-resultados/graficos-polygraph.p
df used on input line 114.
(pdftex.def)             Requested size: 271.99588pt x 135.64265pt.

[22

 <C:/Users/cleit/Documents/GitHub/PSCAD-Minicurso/APRESENTACAO-TEX/figuras/Visu
alizacao-resultados/graficos-polygraph.pdf>]
<./figuras/Visualizacao-resultados/graficos-add-curvas.pdf, id=631, 734.745pt x
 310.15875pt>
File: ./figuras/Visualizacao-resultados/graficos-add-curvas.pdf Graphic file (t
ype pdf)
 <use ./figuras/Visualizacao-resultados/graficos-add-curvas.pdf>
Package pdftex.def Info: ./figuras/Visualizacao-resultados/graficos-add-curvas.
pdf used on input line 150.
(pdftex.def)             Requested size: 307.61684pt x 129.85878pt.

[23

 <C:/Users/cleit/Documents/GitHub/PSCAD-Minicurso/APRESENTACAO-TEX/figuras/Visu
alizacao-resultados/graficos-add-curvas.pdf>]
<./figuras/Visualizacao-resultados/graficos-Control-panel.pdf, id=651, 494.3289
5pt x 144.54pt>
File: ./figuras/Visualizacao-resultados/graficos-Control-panel.pdf Graphic file
 (type pdf)

<use ./figuras/Visualizacao-resultados/graficos-Control-panel.pdf>
Package pdftex.def Info: ./figuras/Visualizacao-resultados/graficos-Control-pan
el.pdf used on input line 171.
(pdftex.def)             Requested size: 410.15578pt x 119.93065pt.
 [24

 <C:/Users/cleit/Documents/GitHub/PSCAD-Minicurso/APRESENTACAO-TEX/figuras/Visu
alizacao-resultados/graficos-Control-panel.pdf>])
(C:\Users\cleit\Documents\GitHub\PSCAD-Minicurso\APRESENTACAO-TEX\Minicurso-Seg
undo-Circuito.tex
File: ./logos/fundo_tese.png Graphic file (type png)
 <use ./logos/fundo_tese.png>
Package pdftex.def Info: ./logos/fundo_tese.png used on input line 1.
(pdftex.def)             Requested size: 455.25195pt x 256.07921pt.
 [25



]
<./figuras/Segundo-Circuito/SIM2a.pdf, id=682, 1072.27383pt x 554.18983pt>
File: ./figuras/Segundo-Circuito/SIM2a.pdf Graphic file (type pdf)

<use ./figuras/Segundo-Circuito/SIM2a.pdf>
Package pdftex.def Info: ./figuras/Segundo-Circuito/SIM2a.pdf used on input lin
e 23.
(pdftex.def)             Requested size: 410.15578pt x 211.98114pt.

Overfull \vbox (3.30453pt too high) detected at line 23
 []

[26

 <C:/Users/cleit/Documents/GitHub/PSCAD-Minicurso/APRESENTACAO-TEX/figuras/Segu
ndo-Circuito/SIM2a.pdf>]
<./figuras/Segundo-Circuito/SIM2b.pdf, id=708, 1023.825pt x 337.45828pt>
File: ./figuras/Segundo-Circuito/SIM2b.pdf Graphic file (type pdf)

<use ./figuras/Segundo-Circuito/SIM2b.pdf>
Package pdftex.def Info: ./figuras/Segundo-Circuito/SIM2b.pdf used on input lin
e 43.
(pdftex.def)             Requested size: 410.15578pt x 135.18687pt.
 [27

 <C:/Users/cleit/Documents/GitHub/PSCAD-Minicurso/APRESENTACAO-TEX/figuras/Segu
ndo-Circuito/SIM2b.pdf>]
<./figuras/Segundo-Circuito/SIM2c.pdf, id=728, 1019.30806pt x 513.39516pt>
File: ./figuras/Segundo-Circuito/SIM2c.pdf Graphic file (type pdf)

<use ./figuras/Segundo-Circuito/SIM2c.pdf>
Package pdftex.def Info: ./figuras/Segundo-Circuito/SIM2c.pdf used on input lin
e 64.
(pdftex.def)             Requested size: 410.15578pt x 206.58432pt.
 [28

 <C:/Users/cleit/Documents/GitHub/PSCAD-Minicurso/APRESENTACAO-TEX/figuras/Segu
ndo-Circuito/SIM2c.pdf>]
<./figuras/Segundo-Circuito/SIM2d.pdf, id=748, 535.0322pt x 269.58983pt>
File: ./figuras/Segundo-Circuito/SIM2d.pdf Graphic file (type pdf)

<use ./figuras/Segundo-Circuito/SIM2d.pdf>
Package pdftex.def Info: ./figuras/Segundo-Circuito/SIM2d.pdf used on input lin
e 85.
(pdftex.def)             Requested size: 323.80824pt x 163.16609pt.
 [29

 <C:/Users/cleit/Documents/GitHub/PSCAD-Minicurso/APRESENTACAO-TEX/figuras/Segu
ndo-Circuito/SIM2d.pdf>]
<./figuras/Segundo-Circuito/SIM2d-FFT.pdf, id=763, 577.15062pt x 371.30847pt>
File: ./figuras/Segundo-Circuito/SIM2d-FFT.pdf Graphic file (type pdf)

<use ./figuras/Segundo-Circuito/SIM2d-FFT.pdf>
Package pdftex.def Info: ./figuras/Segundo-Circuito/SIM2d-FFT.pdf used on input
 line 102.
(pdftex.def)             Requested size: 302.2197pt x 194.43561pt.
 [30

 <C:/Users/cleit/Documents/GitHub/PSCAD-Minicurso/APRESENTACAO-TEX/figuras/Segu
ndo-Circuito/SIM2d-FFT.pdf>]
<./figuras/Segundo-Circuito/SIM2e.pdf, id=1259, 591.46165pt x 254.65218pt>
File: ./figuras/Segundo-Circuito/SIM2e.pdf Graphic file (type pdf)

<use ./figuras/Segundo-Circuito/SIM2e.pdf>
Package pdftex.def Info: ./figuras/Segundo-Circuito/SIM2e.pdf used on input lin
e 117.
(pdftex.def)             Requested size: 302.2197pt x 130.12346pt.
 [31

 <C:/Users/cleit/Documents/GitHub/PSCAD-Minicurso/APRESENTACAO-TEX/figuras/Segu
ndo-Circuito/SIM2e.pdf>]
<./figuras/Segundo-Circuito/maquina_CC_b.png, id=1293, 401.5pt x 303.1325pt>
File: ./figuras/Segundo-Circuito/maquina_CC_b.png Graphic file (type png)

<use ./figuras/Segundo-Circuito/maquina_CC_b.png>
Package pdftex.def Info: ./figuras/Segundo-Circuito/maquina_CC_b.png used on in
put line 150.
(pdftex.def)             Requested size: 164.0598pt x 123.86884pt.

<./figuras/Segundo-Circuito/SIMf_dc_machine.pdf, id=1294, 265.1215pt x 116.0957
3pt>
File: ./figuras/Segundo-Circuito/SIMf_dc_machine.pdf Graphic file (type pdf)
 <use ./figuras/Segundo-Circuito/SIMf_dc_machine.pdf>
Package pdftex.def Info: ./figuras/Segundo-Circuito/SIMf_dc_machine.pdf used on
 input line 150.
(pdftex.def)             Requested size: 246.09596pt x 107.76773pt.
 [32

 <C:/Users/cleit/Documents/GitHub/PSCAD-Minicurso/APRESENTACAO-TEX/figuras/Segu
ndo-Circuito/maquina_CC_b.png> <C:/Users/cleit/Documents/GitHub/PSCAD-Minicurso
/APRESENTACAO-TEX/figuras/Segundo-Circuito/SIMf_dc_machine.pdf>]
<./figuras/Segundo-Circuito/SIMf_dc_machine_excitation.pdf, id=1321, 150.30554p
t x 139.5333pt>
File: ./figuras/Segundo-Circuito/SIMf_dc_machine_excitation.pdf Graphic file (t
ype pdf)

<use ./figuras/Segundo-Circuito/SIMf_dc_machine_excitation.pdf>
Package pdftex.def Info: ./figuras/Segundo-Circuito/SIMf_dc_machine_excitation.
pdf used on input line 210.
(pdftex.def)             Requested size: 183.49265pt x 170.34958pt.
 [33

 <C:/Users/cleit/Documents/GitHub/PSCAD-Minicurso/APRESENTACAO-TEX/figuras/Segu
ndo-Circuito/SIMf_dc_machine_excitation.pdf>]
<./figuras/Segundo-Circuito/SEMf_maq_cc_pascad.pdf, id=1348, 297.37047pt x 170.
24983pt>
File: ./figuras/Segundo-Circuito/SEMf_maq_cc_pascad.pdf Graphic file (type pdf)

 <use ./figuras/Segundo-Circuito/SEMf_maq_cc_pascad.pdf>
Package pdftex.def Info: ./figuras/Segundo-Circuito/SEMf_maq_cc_pascad.pdf used
 on input line 241.
(pdftex.def)             Requested size: 246.09596pt x 140.89685pt.
 [34

 <C:/Users/cleit/Documents/GitHub/PSCAD-Minicurso/APRESENTACAO-TEX/figuras/Segu
ndo-Circuito/SEMf_maq_cc_pascad.pdf>] [35

]
<./figuras/Segundo-Circuito/SIM2f.pdf, id=1375, 693.55591pt x 236.93344pt>
File: ./figuras/Segundo-Circuito/SIM2f.pdf Graphic file (type pdf)

<use ./figuras/Segundo-Circuito/SIM2f.pdf>
Package pdftex.def Info: ./figuras/Segundo-Circuito/SIM2f.pdf used on input lin
e 304.
(pdftex.def)             Requested size: 388.56725pt x 132.74689pt.
 [36

 <C:/Users/cleit/Documents/GitHub/PSCAD-Minicurso/APRESENTACAO-TEX/figuras/Segu
ndo-Circuito/SIM2f.pdf>])
(C:\Users\cleit\Documents\GitHub\PSCAD-Minicurso\APRESENTACAO-TEX\Minicurso-Exp
ortando-Dados.tex
File: ./logos/fundo_tese.png Graphic file (type png)
 <use ./logos/fundo_tese.png>
Package pdftex.def Info: ./logos/fundo_tese.png used on input line 1.
(pdftex.def)             Requested size: 455.25195pt x 256.07921pt.
 [37



]
<./figuras/Exportacao/ex_pscadfig.pdf, id=1443, 589.3277pt x 281.68231pt>
File: ./figuras/Exportacao/ex_pscadfig.pdf Graphic file (type pdf)

<use ./figuras/Exportacao/ex_pscadfig.pdf>
Package pdftex.def Info: ./figuras/Exportacao/ex_pscadfig.pdf used on input lin
e 36.
(pdftex.def)             Requested size: 194.28362pt x 92.86089pt.

<./figuras/Exportacao/ex_matlab.pdf, id=1444, 973.6375pt x 461.725pt>
File: ./figuras/Exportacao/ex_matlab.pdf Graphic file (type pdf)

<use ./figuras/Exportacao/ex_matlab.pdf>
Package pdftex.def Info: ./figuras/Exportacao/ex_matlab.pdf used on input line 
36.
(pdftex.def)             Requested size: 194.28362pt x 92.132pt.
 [38

 <C:/Users/cleit/Documents/GitHub/PSCAD-Minicurso/APRESENTACAO-TEX/figuras/Expo
rtacao/ex_pscadfig.pdf> <C:/Users/cleit/Documents/GitHub/PSCAD-Minicurso/APRESE
NTACAO-TEX/figuras/Exportacao/ex_matlab.pdf>]
<./figuras/Exportacao/ex_indireto.pdf, id=1663, 973.6375pt x 461.725pt>
File: ./figuras/Exportacao/ex_indireto.pdf Graphic file (type pdf)

<use ./figuras/Exportacao/ex_indireto.pdf>
Package pdftex.def Info: ./figuras/Exportacao/ex_indireto.pdf used on input lin
e 58.
(pdftex.def)             Requested size: 259.04922pt x 122.84267pt.
 [39

 <C:/Users/cleit/Documents/GitHub/PSCAD-Minicurso/APRESENTACAO-TEX/figuras/Expo
rtacao/ex_indireto.pdf>]
<./figuras/Exportacao/ex_processamento.pdf, id=1737, 1280.37404pt x 609.8949pt>
File: ./figuras/Exportacao/ex_processamento.pdf Graphic file (type pdf)
<use ./figuras/Exportacao/ex_processamento.pdf>
Package pdftex.def Info: ./figuras/Exportacao/ex_processamento.pdf used on inpu
t line 82.
(pdftex.def)             Requested size: 280.63116pt x 133.67474pt.
 [40

 <C:/Users/cleit/Documents/GitHub/PSCAD-Minicurso/APRESENTACAO-TEX/figuras/Expo
rtacao/ex_processamento.pdf>] <./figuras/Exportacao/Export1.pdf, id=1752, 957.5
7744pt x 398.99063pt>
File: ./figuras/Exportacao/Export1.pdf Graphic file (type pdf)

<use ./figuras/Exportacao/Export1.pdf>
Package pdftex.def Info: ./figuras/Exportacao/Export1.pdf used on input line 10
0.
(pdftex.def)             Requested size: 410.15578pt x 170.89902pt.
 [41

 <C:/Users/cleit/Documents/GitHub/PSCAD-Minicurso/APRESENTACAO-TEX/figuras/Expo
rtacao/Export1.pdf>]
<./figuras/Exportacao/Export1-arquivo.pdf, id=1763, 545.78906pt x 188.20313pt>
File: ./figuras/Exportacao/Export1-arquivo.pdf Graphic file (type pdf)

<use ./figuras/Exportacao/Export1-arquivo.pdf>
Package pdftex.def Info: ./figuras/Exportacao/Export1-arquivo.pdf used on input
 line 118.
(pdftex.def)             Requested size: 410.15578pt x 141.43341pt.
 [42

 <C:/Users/cleit/Documents/GitHub/PSCAD-Minicurso/APRESENTACAO-TEX/figuras/Expo
rtacao/Export1-arquivo.pdf>]
<./figuras/Exportacao/Export2.pdf, id=1783, 285.3159pt x 380.17032pt>
File: ./figuras/Exportacao/Export2.pdf Graphic file (type pdf)

<use ./figuras/Exportacao/Export2.pdf>
Package pdftex.def Info: ./figuras/Exportacao/Export2.pdf used on input line 15
4.
(pdftex.def)             Requested size: 151.10985pt x 201.34428pt.
 [43

 <C:/Users/cleit/Documents/GitHub/PSCAD-Minicurso/APRESENTACAO-TEX/figuras/Expo
rtacao/Export2.pdf>]
<./figuras/Exportacao/Export2-files.pdf, id=1798, 279.88231pt x 74.14516pt>
File: ./figuras/Exportacao/Export2-files.pdf Graphic file (type pdf)

<use ./figuras/Exportacao/Export2-files.pdf>
Package pdftex.def Info: ./figuras/Exportacao/Export2-files.pdf used on input l
ine 189.
(pdftex.def)             Requested size: 151.10985pt x 40.03212pt.
 [44

 <C:/Users/cleit/Documents/GitHub/PSCAD-Minicurso/APRESENTACAO-TEX/figuras/Expo
rtacao/Export2-files.pdf>]
<./figuras/Exportacao/Export2-map.pdf, id=1811, 495.35066pt x 524.71031pt>
File: ./figuras/Exportacao/Export2-map.pdf Graphic file (type pdf)

<use ./figuras/Exportacao/Export2-map.pdf>
Package pdftex.def Info: ./figuras/Exportacao/Export2-map.pdf used on input lin
e 218.
(pdftex.def)             Requested size: 172.69838pt x 182.93077pt.

<./figuras/Exportacao/Export2-out.pdf, id=1812, 495.07794pt x 523.53073pt>
File: ./figuras/Exportacao/Export2-out.pdf Graphic file (type pdf)

<use ./figuras/Exportacao/Export2-out.pdf>
Package pdftex.def Info: ./figuras/Exportacao/Export2-out.pdf used on input lin
e 218.
(pdftex.def)             Requested size: 172.69838pt x 182.62338pt.
 [45

 <C:/Users/cleit/Documents/GitHub/PSCAD-Minicurso/APRESENTACAO-TEX/figuras/Expo
rtacao/Export2-map.pdf> <C:/Users/cleit/Documents/GitHub/PSCAD-Minicurso/APRESE
NTACAO-TEX/figuras/Exportacao/Export2-out.pdf

pdfTeX warning: pdflatex (file C:/Users/cleit/Documents/GitHub/PSCAD-Minicurso/
APRESENTACAO-TEX/figuras/Exportacao/Export2-out.pdf): PDF inclusion: multiple p
dfs with page group included in a single page
>])
(C:\Users\cleit\Documents\GitHub\PSCAD-Minicurso\APRESENTACAO-TEX\Minicurso-Aut
omacao-Simulacao.tex
File: ./logos/fundo_tese.png Graphic file (type png)
 <use ./logos/fundo_tese.png>
Package pdftex.def Info: ./logos/fundo_tese.png used on input line 1.
(pdftex.def)             Requested size: 455.25195pt x 256.07921pt.
 [46



] [47

])
\tf@nav=\write6
\tf@toc=\write7
\tf@snm=\write8
LaTeX Font Info:    Try loading font information for U+mvs on input line 117.

("C:\Program Files\MiKTeX 2.9\tex\latex\marvosym\umvs.fd")
<./symbols/orcid.pdf, id=1840, 25.09375pt x 25.09375pt>
File: ./symbols/orcid.pdf Graphic file (type pdf)

<use ./symbols/orcid.pdf>
Package pdftex.def Info: ./symbols/orcid.pdf used on input line 117.
(pdftex.def)             Requested size: 15.11263pt x 15.11302pt.

<./symbols/researchgate.pdf, id=1842, 25.09375pt x 25.09375pt>
File: ./symbols/researchgate.pdf Graphic file (type pdf)

<use ./symbols/researchgate.pdf>
Package pdftex.def Info: ./symbols/researchgate.pdf used on input line 117.
(pdftex.def)             Requested size: 15.11263pt x 15.11302pt.

<./symbols/lattes.pdf, id=1844, 714.67pt x 475.7775pt>
File: ./symbols/lattes.pdf Graphic file (type pdf)

<use ./symbols/lattes.pdf>
Package pdftex.def Info: ./symbols/lattes.pdf used on input line 117.
(pdftex.def)             Requested size: 21.58853pt x 14.36708pt.

<./symbols/GoogleScholar25x25.pdf, id=1846, 25.09375pt x 25.09375pt>
File: ./symbols/GoogleScholar25x25.pdf Graphic file (type pdf)

<use ./symbols/GoogleScholar25x25.pdf>
Package pdftex.def Info: ./symbols/GoogleScholar25x25.pdf used on input line 11
7.
(pdftex.def)             Requested size: 15.11263pt x 15.11302pt.

<./symbols/github.png, id=1848, 12.848pt x 12.848pt>
File: ./symbols/github.png Graphic file (type png)

<use ./symbols/github.png>
Package pdftex.def Info: ./symbols/github.png used on input line 117.
(pdftex.def)             Requested size: 15.11263pt x 15.11285pt.
 <./symbols/site2.png, id=1850, 513.92pt x 513.92pt>
File: ./symbols/site2.png Graphic file (type png)

<use ./symbols/site2.png>
Package pdftex.def Info: ./symbols/site2.png used on input line 117.
(pdftex.def)             Requested size: 15.11263pt x 15.1111pt.
File: ./logos/logomarca-uerj.png Graphic file (type png)
 <use ./logos/logomarca-uerj.png>
Package pdftex.def Info: ./logos/logomarca-uerj.png used on input line 117.
(pdftex.def)             Requested size: 64.759pt x 64.75917pt.
File: ./logos/fundo_tese.png Graphic file (type png)

<use ./logos/fundo_tese.png>
Package pdftex.def Info: ./logos/fundo_tese.png used on input line 117.
(pdftex.def)             Requested size: 455.25195pt x 256.07921pt.
 [48



 <C:/Users/cleit/Documents/GitHub/PSCAD-Minicurso/APRESENTACAO-TEX/symbols/orci
d.pdf> <C:/Users/cleit/Documents/GitHub/PSCAD-Minicurso/APRESENTACAO-TEX/symbol
s/researchgate.pdf

pdfTeX warning: pdflatex (file C:/Users/cleit/Documents/GitHub/PSCAD-Minicurso/
APRESENTACAO-TEX/symbols/researchgate.pdf): PDF inclusion: multiple pdfs with p
age group included in a single page
> <C:/Users/cleit/Documents/GitHub/PSCAD-Minicurso/APRESENTACAO-TEX/symbols/lat
tes.pdf

pdfTeX warning: pdflatex (file C:/Users/cleit/Documents/GitHub/PSCAD-Minicurso/
APRESENTACAO-TEX/symbols/lattes.pdf): PDF inclusion: multiple pdfs with page gr
oup included in a single page
> <C:/Users/cleit/Documents/GitHub/PSCAD-Minicurso/APRESENTACAO-TEX/symbols/Goo
gleScholar25x25.pdf

pdfTeX warning: pdflatex (file C:/Users/cleit/Documents/GitHub/PSCAD-Minicurso/
APRESENTACAO-TEX/symbols/GoogleScholar25x25.pdf): PDF inclusion: multiple pdfs 
with page group included in a single page
> <C:/Users/cleit/Documents/GitHub/PSCAD-Minicurso/APRESENTACAO-TEX/symbols/git
hub.png> <C:/Users/cleit/Documents/GitHub/PSCAD-Minicurso/APRESENTACAO-TEX/symb
ols/site2.png>]
Package atveryend Info: Empty hook `BeforeClearDocument' on input line 117.
Package atveryend Info: Empty hook `AfterLastShipout' on input line 117.

("C:\Users\cleit\Documents\GitHub\PSCAD-Minicurso\APRESENTACAO-TEX\build\Slides
 - Minicurso PSCAD.aux"
(C:\Users\cleit\Documents\GitHub\PSCAD-Minicurso\APRESENTACAO-TEX\build\Minicur
so-Visao-Geral.aux)
(C:\Users\cleit\Documents\GitHub\PSCAD-Minicurso\APRESENTACAO-TEX\build\Minicur
so-Primeiros-Passos.aux)
(C:\Users\cleit\Documents\GitHub\PSCAD-Minicurso\APRESENTACAO-TEX\build\Minicur
so-Visualizacao-resultados.aux)
(C:\Users\cleit\Documents\GitHub\PSCAD-Minicurso\APRESENTACAO-TEX\build\Minicur
so-Segundo-Circuito.aux)
(C:\Users\cleit\Documents\GitHub\PSCAD-Minicurso\APRESENTACAO-TEX\build\Minicur
so-Exportando-Dados.aux)
(C:\Users\cleit\Documents\GitHub\PSCAD-Minicurso\APRESENTACAO-TEX\build\Minicur
so-Automacao-Simulacao.aux))
Package atveryend Info: Executing hook `AtVeryEndDocument' on input line 117.
Package atveryend Info: Executing hook `AtEndAfterFileList' on input line 117.
Package rerunfilecheck Info: File `Slides*-*Minicurso*PSCAD.out' has not change
d.
(rerunfilecheck)             Checksum: <no file>.


LaTeX Font Warning: Size substitutions with differences
(Font)              up to 1.0pt have occurred.


LaTeX Warning: Label(s) may have changed. Rerun to get cross-references right.

Package atveryend Info: Empty hook `AtVeryVeryEnd' on input line 117.
 ) 
Here is how much of TeX's memory you used:
 31351 strings out of 493921
 679426 string characters out of 3147282
 830149 words of memory out of 3000000
 33767 multiletter control sequences out of 15000+200000
 13828 words of font info for 52 fonts, out of 3000000 for 9000
 841 hyphenation exceptions out of 8191
 59i,16n,71p,973b,892s stack positions out of 5000i,500n,10000p,200000b,50000s
<C:/Program Files/MiKTeX 2.9/fonts/type1/public/amsfonts/cm/cmmi12.pfb><C:/Pr
ogram Files/MiKTeX 2.9/fonts/type1/public/amsfonts/cm/cmmi8.pfb><C:/Program Fil
es/MiKTeX 2.9/fonts/type1/public/amsfonts/cm/cmr12.pfb><C:/Program Files/MiKTeX
 2.9/fonts/type1/public/amsfonts/cm/cmss12.pfb><C:/Program Files/MiKTeX 2.9/fon
ts/type1/public/amsfonts/cm/cmss17.pfb><C:/Program Files/MiKTeX 2.9/fonts/type1
/public/amsfonts/cm/cmss8.pfb><C:/Program Files/MiKTeX 2.9/fonts/type1/public/a
msfonts/cm/cmssbx10.pfb><C:/Program Files/MiKTeX 2.9/fonts/type1/public/amsfont
s/cm/cmssi12.pfb><C:/Program Files/MiKTeX 2.9/fonts/type1/public/amsfonts/cm/cm
ssi17.pfb><C:/Program Files/MiKTeX 2.9/fonts/type1/public/amsfonts/cm/cmsy10.pf
b><C:/Program Files/MiKTeX 2.9/fonts/type1/public/marvosym/marvosym.pfb>
Output written on "C:/Users/cleit/Documents/GitHub/PSCAD-Minicurso/APRESENTACAO
-TEX/build/Slides - Minicurso PSCAD.pdf" (48 pages, 2434672 bytes).
PDF statistics:
 1939 PDF objects out of 2073 (max. 8388607)
 105 named destinations out of 1000 (max. 500000)
 374 words of extra memory for PDF output out of 10000 (max. 10000000)

